[ 2016-06-02T10:23:57+08:00 ] 127.0.0.1 /thinkphp/Home/index
INFO: [ app_init ] --START--
INFO: Run Behavior\BuildLiteBehavior [ RunTime:0.000015s ]
INFO: [ app_init ] --END-- [ RunTime:0.000655s ]
INFO: [ app_begin ] --START--
INFO: Run Behavior\ReadHtmlCacheBehavior [ RunTime:0.001266s ]
INFO: [ app_begin ] --END-- [ RunTime:0.001316s ]
INFO: [ view_parse ] --START--
INFO: Run Behavior\ParseTemplateBehavior [ RunTime:0.001347s ]
INFO: [ view_parse ] --END-- [ RunTime:0.001408s ]
INFO: [ view_filter ] --START--
INFO: Run Behavior\WriteHtmlCacheBehavior [ RunTime:0.001163s ]
INFO: [ view_filter ] --END-- [ RunTime:0.001206s ]
INFO: [ app_end ] --START--
INFO: Run Behavior\ShowPageTraceBehavior [ RunTime:0.001526s ]
INFO: [ app_end ] --END-- [ RunTime:0.001588s ]

[ 2016-06-02T10:24:10+08:00 ] 127.0.0.1 /thinkphp/Home/index/readDataBase
INFO: [ app_init ] --START--
INFO: Run Behavior\BuildLiteBehavior [ RunTime:0.000013s ]
INFO: [ app_init ] --END-- [ RunTime:0.000418s ]
INFO: [ app_begin ] --START--
INFO: Run Behavior\ReadHtmlCacheBehavior [ RunTime:0.001003s ]
INFO: [ app_begin ] --END-- [ RunTime:0.001051s ]
SQL: SHOW COLUMNS FROM `admin` [ RunTime:0.0038s ]
SQL: SELECT * FROM `admin` WHERE `name` = 'xue' LIMIT 1   [ RunTime:0.0010s ]
INFO: [ app_end ] --START--
INFO: Run Behavior\ShowPageTraceBehavior [ RunTime:0.001295s ]
INFO: [ app_end ] --END-- [ RunTime:0.001339s ]

[ 2016-06-02T10:25:34+08:00 ] 127.0.0.1 /thinkphp/Home/index/readDataBase
INFO: [ app_init ] --START--
INFO: Run Behavior\BuildLiteBehavior [ RunTime:0.000012s ]
INFO: [ app_init ] --END-- [ RunTime:0.000467s ]
INFO: [ app_begin ] --START--
INFO: Run Behavior\ReadHtmlCacheBehavior [ RunTime:0.001085s ]
INFO: [ app_begin ] --END-- [ RunTime:0.001142s ]
ERR: 1146:Table 'webfinal.userinfo' doesn't exist
 [ SQL语句 ] : SHOW COLUMNS FROM `userinfo`
ERR: 1146:Table 'webfinal.userinfo' doesn't exist
 [ SQL语句 ] : SHOW COLUMNS FROM `userinfo`

[ 2016-06-02T10:25:57+08:00 ] 127.0.0.1 /thinkphp/Home/index/readDataBase
INFO: [ app_init ] --START--
INFO: Run Behavior\BuildLiteBehavior [ RunTime:0.000020s ]
INFO: [ app_init ] --END-- [ RunTime:0.000643s ]
INFO: [ app_begin ] --START--
INFO: Run Behavior\ReadHtmlCacheBehavior [ RunTime:0.001105s ]
INFO: [ app_begin ] --END-- [ RunTime:0.001166s ]
SQL: SHOW COLUMNS FROM `admin` [ RunTime:0.0044s ]
SQL: SELECT * FROM `admin` LIMIT 1   [ RunTime:0.0007s ]
INFO: [ app_end ] --START--
INFO: Run Behavior\ShowPageTraceBehavior [ RunTime:0.001222s ]
INFO: [ app_end ] --END-- [ RunTime:0.001287s ]

[ 2016-06-02T10:27:09+08:00 ] 127.0.0.1 /thinkphp/Home/index/readDataBase
INFO: [ app_init ] --START--
INFO: Run Behavior\BuildLiteBehavior [ RunTime:0.000020s ]
INFO: [ app_init ] --END-- [ RunTime:0.000524s ]
INFO: [ app_begin ] --START--
INFO: Run Behavior\ReadHtmlCacheBehavior [ RunTime:0.001382s ]
INFO: [ app_begin ] --END-- [ RunTime:0.001462s ]
SQL: SHOW COLUMNS FROM `admin` [ RunTime:0.0033s ]
SQL: SELECT * FROM `admin` LIMIT 1   [ RunTime:0.0004s ]
INFO: [ app_end ] --START--
INFO: Run Behavior\ShowPageTraceBehavior [ RunTime:0.001200s ]
INFO: [ app_end ] --END-- [ RunTime:0.001242s ]

[ 2016-06-02T10:27:43+08:00 ] 127.0.0.1 /thinkphp/Home/index/readDataBase
INFO: [ app_init ] --START--
INFO: Run Behavior\BuildLiteBehavior [ RunTime:0.000016s ]
INFO: [ app_init ] --END-- [ RunTime:0.000635s ]
INFO: [ app_begin ] --START--
INFO: Run Behavior\ReadHtmlCacheBehavior [ RunTime:0.001549s ]
INFO: [ app_begin ] --END-- [ RunTime:0.001622s ]

[ 2016-06-02T10:27:49+08:00 ] 127.0.0.1 /thinkphp/Home/index/readDataBase
INFO: [ app_init ] --START--
INFO: Run Behavior\BuildLiteBehavior [ RunTime:0.000013s ]
INFO: [ app_init ] --END-- [ RunTime:0.000436s ]
INFO: [ app_begin ] --START--
INFO: Run Behavior\ReadHtmlCacheBehavior [ RunTime:0.001001s ]
INFO: [ app_begin ] --END-- [ RunTime:0.001050s ]
SQL: SHOW COLUMNS FROM `admin` [ RunTime:0.0048s ]
SQL: SELECT * FROM `admin` LIMIT 1   [ RunTime:0.0007s ]
INFO: [ app_end ] --START--
INFO: Run Behavior\ShowPageTraceBehavior [ RunTime:0.001352s ]
INFO: [ app_end ] --END-- [ RunTime:0.001410s ]

[ 2016-06-02T10:28:37+08:00 ] 127.0.0.1 /thinkphp/Home/index/readDataBase
INFO: [ app_init ] --START--
INFO: Run Behavior\BuildLiteBehavior [ RunTime:0.000013s ]
INFO: [ app_init ] --END-- [ RunTime:0.000389s ]
INFO: [ app_begin ] --START--
INFO: Run Behavior\ReadHtmlCacheBehavior [ RunTime:0.000984s ]
INFO: [ app_begin ] --END-- [ RunTime:0.001026s ]
SQL: SHOW COLUMNS FROM `admin` [ RunTime:0.0043s ]
SQL: SELECT * FROM `admin` WHERE `name` = '11' LIMIT 1   [ RunTime:0.0006s ]
INFO: [ app_end ] --START--
INFO: Run Behavior\ShowPageTraceBehavior [ RunTime:0.001177s ]
INFO: [ app_end ] --END-- [ RunTime:0.001220s ]

[ 2016-06-02T10:28:48+08:00 ] 127.0.0.1 /thinkphp/Home/index/readDataBase
INFO: [ app_init ] --START--
INFO: Run Behavior\BuildLiteBehavior [ RunTime:0.000020s ]
INFO: [ app_init ] --END-- [ RunTime:0.000619s ]
INFO: [ app_begin ] --START--
INFO: Run Behavior\ReadHtmlCacheBehavior [ RunTime:0.001821s ]
INFO: [ app_begin ] --END-- [ RunTime:0.001912s ]
SQL: SHOW COLUMNS FROM `admin` [ RunTime:0.0052s ]
SQL: SELECT * FROM `admin` LIMIT 1   [ RunTime:0.0008s ]
INFO: [ app_end ] --START--
INFO: Run Behavior\ShowPageTraceBehavior [ RunTime:0.001268s ]
INFO: [ app_end ] --END-- [ RunTime:0.001314s ]

[ 2016-06-02T10:30:09+08:00 ] 127.0.0.1 /thinkphp/Home/index/readDataBase
INFO: [ app_init ] --START--
INFO: Run Behavior\BuildLiteBehavior [ RunTime:0.000012s ]
INFO: [ app_init ] --END-- [ RunTime:0.000415s ]
INFO: [ app_begin ] --START--
INFO: Run Behavior\ReadHtmlCacheBehavior [ RunTime:0.000969s ]
INFO: [ app_begin ] --END-- [ RunTime:0.001037s ]
ERR: 1146:Table 'webfinal.userinfo' doesn't exist
 [ SQL语句 ] : SHOW COLUMNS FROM `userinfo`
ERR: 1146:Table 'webfinal.userinfo' doesn't exist
 [ SQL语句 ] : SHOW COLUMNS FROM `userinfo`

[ 2016-06-02T10:30:45+08:00 ] 127.0.0.1 /thinkphp/Home/index/readDataBase
INFO: [ app_init ] --START--
INFO: Run Behavior\BuildLiteBehavior [ RunTime:0.000012s ]
INFO: [ app_init ] --END-- [ RunTime:0.000387s ]
INFO: [ app_begin ] --START--
INFO: Run Behavior\ReadHtmlCacheBehavior [ RunTime:0.000764s ]
INFO: [ app_begin ] --END-- [ RunTime:0.000806s ]
ERR: 1146:Table 'webfinal.userinfo' doesn't exist
 [ SQL语句 ] : SHOW COLUMNS FROM `userinfo`
ERR: 1146:Table 'webfinal.userinfo' doesn't exist
 [ SQL语句 ] : SHOW COLUMNS FROM `userinfo`

[ 2016-06-02T10:31:52+08:00 ] 127.0.0.1 /thinkphp/Home/index/readDataBase
INFO: [ app_init ] --START--
INFO: Run Behavior\BuildLiteBehavior [ RunTime:0.000013s ]
INFO: [ app_init ] --END-- [ RunTime:0.000425s ]
INFO: [ app_begin ] --START--
INFO: Run Behavior\ReadHtmlCacheBehavior [ RunTime:0.001012s ]
INFO: [ app_begin ] --END-- [ RunTime:0.001059s ]
ERR: 1146:Table 'webfinal.userinfo' doesn't exist
 [ SQL语句 ] : SHOW COLUMNS FROM `userinfo`
ERR: 1146:Table 'webfinal.userinfo' doesn't exist
 [ SQL语句 ] : SHOW COLUMNS FROM `userinfo`

[ 2016-06-02T10:32:33+08:00 ] 127.0.0.1 /thinkphp/Home/index/readDataBase
INFO: [ app_init ] --START--
INFO: Run Behavior\BuildLiteBehavior [ RunTime:0.000011s ]
INFO: [ app_init ] --END-- [ RunTime:0.000420s ]
INFO: [ app_begin ] --START--
INFO: Run Behavior\ReadHtmlCacheBehavior [ RunTime:0.000736s ]
INFO: [ app_begin ] --END-- [ RunTime:0.000778s ]
ERR: 1146:Table 'webfinal.userinfo' doesn't exist
 [ SQL语句 ] : SHOW COLUMNS FROM `userinfo`
ERR: 1146:Table 'webfinal.userinfo' doesn't exist
 [ SQL语句 ] : SHOW COLUMNS FROM `userinfo`

[ 2016-06-02T10:33:23+08:00 ] 127.0.0.1 /thinkphp/Home/index/readDataBase
INFO: [ app_init ] --START--
INFO: Run Behavior\BuildLiteBehavior [ RunTime:0.000015s ]
INFO: [ app_init ] --END-- [ RunTime:0.000560s ]
INFO: [ app_begin ] --START--
INFO: Run Behavior\ReadHtmlCacheBehavior [ RunTime:0.000677s ]
INFO: [ app_begin ] --END-- [ RunTime:0.000721s ]
ERR: 1146:Table 'webfinal.userinfo' doesn't exist
 [ SQL语句 ] : SHOW COLUMNS FROM `userinfo`
ERR: 1146:Table 'webfinal.userinfo' doesn't exist
 [ SQL语句 ] : SHOW COLUMNS FROM `userinfo`

[ 2016-06-02T10:36:02+08:00 ] 127.0.0.1 /thinkphp/Home/index/readDataBase
INFO: [ app_init ] --START--
INFO: Run Behavior\BuildLiteBehavior [ RunTime:0.000013s ]
INFO: [ app_init ] --END-- [ RunTime:0.000501s ]
INFO: [ app_begin ] --START--
INFO: Run Behavior\ReadHtmlCacheBehavior [ RunTime:0.000917s ]
INFO: [ app_begin ] --END-- [ RunTime:0.000968s ]
ERR: 1146:Table 'webfinal.userinfo' doesn't exist
 [ SQL语句 ] : SHOW COLUMNS FROM `userinfo`
ERR: 1146:Table 'webfinal.userinfo' doesn't exist
 [ SQL语句 ] : SHOW COLUMNS FROM `userinfo`

[ 2016-06-02T10:36:03+08:00 ] 127.0.0.1 /thinkphp/Home/index/readDataBase
INFO: [ app_init ] --START--
INFO: Run Behavior\BuildLiteBehavior [ RunTime:0.000012s ]
INFO: [ app_init ] --END-- [ RunTime:0.000351s ]
INFO: [ app_begin ] --START--
INFO: Run Behavior\ReadHtmlCacheBehavior [ RunTime:0.000419s ]
INFO: [ app_begin ] --END-- [ RunTime:0.000459s ]
ERR: 1146:Table 'webfinal.userinfo' doesn't exist
 [ SQL语句 ] : SHOW COLUMNS FROM `userinfo`
ERR: 1146:Table 'webfinal.userinfo' doesn't exist
 [ SQL语句 ] : SHOW COLUMNS FROM `userinfo`

[ 2016-06-02T10:36:04+08:00 ] 127.0.0.1 /thinkphp/Home/index/readDataBase
INFO: [ app_init ] --START--
INFO: Run Behavior\BuildLiteBehavior [ RunTime:0.000013s ]
INFO: [ app_init ] --END-- [ RunTime:0.000359s ]
INFO: [ app_begin ] --START--
INFO: Run Behavior\ReadHtmlCacheBehavior [ RunTime:0.000553s ]
INFO: [ app_begin ] --END-- [ RunTime:0.000608s ]
ERR: 1146:Table 'webfinal.userinfo' doesn't exist
 [ SQL语句 ] : SHOW COLUMNS FROM `userinfo`
ERR: 1146:Table 'webfinal.userinfo' doesn't exist
 [ SQL语句 ] : SHOW COLUMNS FROM `userinfo`

[ 2016-06-02T10:36:04+08:00 ] 127.0.0.1 /thinkphp/Home/index/readDataBase
INFO: [ app_init ] --START--
INFO: Run Behavior\BuildLiteBehavior [ RunTime:0.000026s ]
INFO: [ app_init ] --END-- [ RunTime:0.000909s ]
INFO: [ app_begin ] --START--
INFO: Run Behavior\ReadHtmlCacheBehavior [ RunTime:0.000869s ]
INFO: [ app_begin ] --END-- [ RunTime:0.000967s ]
ERR: 1146:Table 'webfinal.userinfo' doesn't exist
 [ SQL语句 ] : SHOW COLUMNS FROM `userinfo`
ERR: 1146:Table 'webfinal.userinfo' doesn't exist
 [ SQL语句 ] : SHOW COLUMNS FROM `userinfo`

[ 2016-06-02T10:36:04+08:00 ] 127.0.0.1 /thinkphp/Home/index/readDataBase
INFO: [ app_init ] --START--
INFO: Run Behavior\BuildLiteBehavior [ RunTime:0.000016s ]
INFO: [ app_init ] --END-- [ RunTime:0.000496s ]
INFO: [ app_begin ] --START--
INFO: Run Behavior\ReadHtmlCacheBehavior [ RunTime:0.000436s ]
INFO: [ app_begin ] --END-- [ RunTime:0.000480s ]
ERR: 1146:Table 'webfinal.userinfo' doesn't exist
 [ SQL语句 ] : SHOW COLUMNS FROM `userinfo`
ERR: 1146:Table 'webfinal.userinfo' doesn't exist
 [ SQL语句 ] : SHOW COLUMNS FROM `userinfo`

[ 2016-06-02T10:36:04+08:00 ] 127.0.0.1 /thinkphp/Home/index/readDataBase
INFO: [ app_init ] --START--
INFO: Run Behavior\BuildLiteBehavior [ RunTime:0.000025s ]
INFO: [ app_init ] --END-- [ RunTime:0.000771s ]
INFO: [ app_begin ] --START--
INFO: Run Behavior\ReadHtmlCacheBehavior [ RunTime:0.000671s ]
INFO: [ app_begin ] --END-- [ RunTime:0.000749s ]
ERR: 1146:Table 'webfinal.userinfo' doesn't exist
 [ SQL语句 ] : SHOW COLUMNS FROM `userinfo`
ERR: 1146:Table 'webfinal.userinfo' doesn't exist
 [ SQL语句 ] : SHOW COLUMNS FROM `userinfo`

[ 2016-06-02T10:36:04+08:00 ] 127.0.0.1 /thinkphp/Home/index/readDataBase
INFO: [ app_init ] --START--
INFO: Run Behavior\BuildLiteBehavior [ RunTime:0.000021s ]
INFO: [ app_init ] --END-- [ RunTime:0.000514s ]
INFO: [ app_begin ] --START--
INFO: Run Behavior\ReadHtmlCacheBehavior [ RunTime:0.000705s ]
INFO: [ app_begin ] --END-- [ RunTime:0.000782s ]
ERR: 1146:Table 'webfinal.userinfo' doesn't exist
 [ SQL语句 ] : SHOW COLUMNS FROM `userinfo`
ERR: 1146:Table 'webfinal.userinfo' doesn't exist
 [ SQL语句 ] : SHOW COLUMNS FROM `userinfo`

[ 2016-06-02T10:36:04+08:00 ] 127.0.0.1 /thinkphp/Home/index/readDataBase
INFO: [ app_init ] --START--
INFO: Run Behavior\BuildLiteBehavior [ RunTime:0.000012s ]
INFO: [ app_init ] --END-- [ RunTime:0.000335s ]
INFO: [ app_begin ] --START--
INFO: Run Behavior\ReadHtmlCacheBehavior [ RunTime:0.000518s ]
INFO: [ app_begin ] --END-- [ RunTime:0.000569s ]
ERR: 1146:Table 'webfinal.userinfo' doesn't exist
 [ SQL语句 ] : SHOW COLUMNS FROM `userinfo`
ERR: 1146:Table 'webfinal.userinfo' doesn't exist
 [ SQL语句 ] : SHOW COLUMNS FROM `userinfo`

[ 2016-06-02T10:36:05+08:00 ] 127.0.0.1 /thinkphp/Home/index/readDataBase
INFO: [ app_init ] --START--
INFO: Run Behavior\BuildLiteBehavior [ RunTime:0.000025s ]
INFO: [ app_init ] --END-- [ RunTime:0.002835s ]
INFO: [ app_begin ] --START--
INFO: Run Behavior\ReadHtmlCacheBehavior [ RunTime:0.000986s ]
INFO: [ app_begin ] --END-- [ RunTime:0.001058s ]
ERR: 1146:Table 'webfinal.userinfo' doesn't exist
 [ SQL语句 ] : SHOW COLUMNS FROM `userinfo`
ERR: 1146:Table 'webfinal.userinfo' doesn't exist
 [ SQL语句 ] : SHOW COLUMNS FROM `userinfo`

[ 2016-06-02T10:36:27+08:00 ] 127.0.0.1 /thinkphp/Home/index/readDataBase
INFO: [ app_init ] --START--
INFO: Run Behavior\BuildLiteBehavior [ RunTime:0.000011s ]
INFO: [ app_init ] --END-- [ RunTime:0.000348s ]
INFO: [ app_begin ] --START--
INFO: Run Behavior\ReadHtmlCacheBehavior [ RunTime:0.000384s ]
INFO: [ app_begin ] --END-- [ RunTime:0.000423s ]

[ 2016-06-02T10:36:32+08:00 ] 127.0.0.1 /thinkphp/Home/index/readDataBase
INFO: [ app_init ] --START--
INFO: Run Behavior\BuildLiteBehavior [ RunTime:0.000012s ]
INFO: [ app_init ] --END-- [ RunTime:0.000343s ]
INFO: [ app_begin ] --START--
INFO: Run Behavior\ReadHtmlCacheBehavior [ RunTime:0.000411s ]
INFO: [ app_begin ] --END-- [ RunTime:0.000451s ]
ERR: 1146:Table 'webfinal.userinfo' doesn't exist
 [ SQL语句 ] : SHOW COLUMNS FROM `userinfo`
ERR: 1146:Table 'webfinal.userinfo' doesn't exist
 [ SQL语句 ] : SHOW COLUMNS FROM `userinfo`

[ 2016-06-02T10:41:21+08:00 ] 127.0.0.1 /thinkphp/Home/index/readDataBase
INFO: [ app_init ] --START--
INFO: Run Behavior\BuildLiteBehavior [ RunTime:0.000011s ]
INFO: [ app_init ] --END-- [ RunTime:0.000419s ]
INFO: [ app_begin ] --START--
INFO: Run Behavior\ReadHtmlCacheBehavior [ RunTime:0.000947s ]
INFO: [ app_begin ] --END-- [ RunTime:0.001050s ]
SQL: SHOW COLUMNS FROM `userinfo` [ RunTime:0.0060s ]
SQL: SELECT * FROM `userinfo` WHERE `phonenumber` = '11' LIMIT 1   [ RunTime:0.0013s ]
INFO: [ app_end ] --START--
INFO: Run Behavior\ShowPageTraceBehavior [ RunTime:0.000859s ]
INFO: [ app_end ] --END-- [ RunTime:0.000907s ]

[ 2016-06-02T10:41:30+08:00 ] 127.0.0.1 /thinkphp/Home/index/readDataBase
INFO: [ app_init ] --START--
INFO: Run Behavior\BuildLiteBehavior [ RunTime:0.000013s ]
INFO: [ app_init ] --END-- [ RunTime:0.000427s ]
INFO: [ app_begin ] --START--
INFO: Run Behavior\ReadHtmlCacheBehavior [ RunTime:0.000714s ]
INFO: [ app_begin ] --END-- [ RunTime:0.000785s ]
SQL: SHOW COLUMNS FROM `userinfo` [ RunTime:0.0032s ]
SQL: SELECT * FROM `userinfo` WHERE `phonenumber` = '11' LIMIT 1   [ RunTime:0.0008s ]
INFO: [ app_end ] --START--
INFO: Run Behavior\ShowPageTraceBehavior [ RunTime:0.000838s ]
INFO: [ app_end ] --END-- [ RunTime:0.000892s ]

[ 2016-06-02T10:46:53+08:00 ] 127.0.0.1 /thinkphp/Home/index/readDataBase
INFO: [ app_init ] --START--
INFO: Run Behavior\BuildLiteBehavior [ RunTime:0.000013s ]
INFO: [ app_init ] --END-- [ RunTime:0.000419s ]
INFO: [ app_begin ] --START--
INFO: Run Behavior\ReadHtmlCacheBehavior [ RunTime:0.000753s ]
INFO: [ app_begin ] --END-- [ RunTime:0.000819s ]
SQL: SHOW COLUMNS FROM `userinfo` [ RunTime:0.0051s ]
SQL: SELECT * FROM `userinfo` WHERE `phonenumber` = '11' LIMIT 1   [ RunTime:0.0008s ]
INFO: [ app_end ] --START--
INFO: Run Behavior\ShowPageTraceBehavior [ RunTime:0.000820s ]
INFO: [ app_end ] --END-- [ RunTime:0.000865s ]

[ 2016-06-02T10:47:26+08:00 ] 127.0.0.1 /thinkphp/Home/index/readDataBase
INFO: [ app_init ] --START--
INFO: Run Behavior\BuildLiteBehavior [ RunTime:0.000012s ]
INFO: [ app_init ] --END-- [ RunTime:0.000323s ]
INFO: [ app_begin ] --START--
INFO: Run Behavior\ReadHtmlCacheBehavior [ RunTime:0.000427s ]
INFO: [ app_begin ] --END-- [ RunTime:0.000468s ]

[ 2016-06-02T10:47:33+08:00 ] 127.0.0.1 /thinkphp/Home/index/readDataBase
INFO: [ app_init ] --START--
INFO: Run Behavior\BuildLiteBehavior [ RunTime:0.000013s ]
INFO: [ app_init ] --END-- [ RunTime:0.000388s ]
INFO: [ app_begin ] --START--
INFO: Run Behavior\ReadHtmlCacheBehavior [ RunTime:0.000419s ]
INFO: [ app_begin ] --END-- [ RunTime:0.000460s ]
SQL: SHOW COLUMNS FROM `userinfo` [ RunTime:0.0053s ]
SQL: SELECT * FROM `userinfo` WHERE `phonenumber` = '11' LIMIT 1   [ RunTime:0.0007s ]
INFO: [ app_end ] --START--
INFO: Run Behavior\ShowPageTraceBehavior [ RunTime:0.000605s ]
INFO: [ app_end ] --END-- [ RunTime:0.000649s ]

