[ 2016-06-30T12:48:06+08:00 ] 127.0.0.1 /tjutour/
INFO: [ app_init ] --START--
INFO: Run Behavior\BuildLiteBehavior [ RunTime:0.000014s ]
INFO: [ app_init ] --END-- [ RunTime:0.000676s ]
INFO: [ app_begin ] --START--
INFO: Run Behavior\ReadHtmlCacheBehavior [ RunTime:0.001288s ]
INFO: [ app_begin ] --END-- [ RunTime:0.001333s ]
INFO: [ view_parse ] --START--
INFO: Run Behavior\ParseTemplateBehavior [ RunTime:0.000944s ]
INFO: [ view_parse ] --END-- [ RunTime:0.000994s ]
INFO: [ view_filter ] --START--
INFO: Run Behavior\WriteHtmlCacheBehavior [ RunTime:0.001058s ]
INFO: [ view_filter ] --END-- [ RunTime:0.001096s ]
INFO: [ app_end ] --START--
INFO: Run Behavior\ShowPageTraceBehavior [ RunTime:0.001472s ]
INFO: [ app_end ] --END-- [ RunTime:0.001538s ]

[ 2016-06-30T12:48:24+08:00 ] 127.0.0.1 /tjutour/Home/BuildingData
INFO: [ app_init ] --START--
INFO: Run Behavior\BuildLiteBehavior [ RunTime:0.000013s ]
INFO: [ app_init ] --END-- [ RunTime:0.000392s ]
INFO: [ app_begin ] --START--
INFO: Run Behavior\ReadHtmlCacheBehavior [ RunTime:0.000972s ]
INFO: [ app_begin ] --END-- [ RunTime:0.001014s ]

[ 2016-06-30T12:49:01+08:00 ] 127.0.0.1 /tjutour/Home/BuildingData/getVersion
INFO: [ app_init ] --START--
INFO: Run Behavior\BuildLiteBehavior [ RunTime:0.000019s ]
INFO: [ app_init ] --END-- [ RunTime:0.000623s ]
INFO: [ app_begin ] --START--
INFO: Run Behavior\ReadHtmlCacheBehavior [ RunTime:0.001041s ]
INFO: [ app_begin ] --END-- [ RunTime:0.001093s ]

[ 2016-06-30T12:49:25+08:00 ] 127.0.0.1 /tjutour/Home/BuildingData/getVersion
INFO: [ app_init ] --START--
INFO: Run Behavior\BuildLiteBehavior [ RunTime:0.000013s ]
INFO: [ app_init ] --END-- [ RunTime:0.000415s ]
INFO: [ app_begin ] --START--
INFO: Run Behavior\ReadHtmlCacheBehavior [ RunTime:0.001185s ]
INFO: [ app_begin ] --END-- [ RunTime:0.001247s ]

[ 2016-06-30T12:49:31+08:00 ] 127.0.0.1 /tjutour/Home/BuildingData/getVersion
INFO: [ app_init ] --START--
INFO: Run Behavior\BuildLiteBehavior [ RunTime:0.000015s ]
INFO: [ app_init ] --END-- [ RunTime:0.000508s ]
INFO: [ app_begin ] --START--
INFO: Run Behavior\ReadHtmlCacheBehavior [ RunTime:0.000995s ]
INFO: [ app_begin ] --END-- [ RunTime:0.001038s ]

[ 2016-06-30T12:50:09+08:00 ] 127.0.0.1 /tjutour/Home/BuildingData/getVersion
INFO: [ app_init ] --START--
INFO: Run Behavior\BuildLiteBehavior [ RunTime:0.000013s ]
INFO: [ app_init ] --END-- [ RunTime:0.000457s ]
INFO: [ app_begin ] --START--
INFO: Run Behavior\ReadHtmlCacheBehavior [ RunTime:0.001015s ]
INFO: [ app_begin ] --END-- [ RunTime:0.001063s ]

[ 2016-06-30T12:50:57+08:00 ] 127.0.0.1 /tjutour/Home/BuildingData/getVersion
INFO: [ app_init ] --START--
INFO: Run Behavior\BuildLiteBehavior [ RunTime:0.000011s ]
INFO: [ app_init ] --END-- [ RunTime:0.000384s ]
INFO: [ app_begin ] --START--
INFO: Run Behavior\ReadHtmlCacheBehavior [ RunTime:0.000993s ]
INFO: [ app_begin ] --END-- [ RunTime:0.001035s ]

[ 2016-06-30T12:51:07+08:00 ] 127.0.0.1 /tjutour/Home/BuildingData/getVersion
INFO: [ app_init ] --START--
INFO: Run Behavior\BuildLiteBehavior [ RunTime:0.000022s ]
INFO: [ app_init ] --END-- [ RunTime:0.000433s ]
INFO: [ app_begin ] --START--
INFO: Run Behavior\ReadHtmlCacheBehavior [ RunTime:0.001088s ]
INFO: [ app_begin ] --END-- [ RunTime:0.001146s ]
INFO: [ app_end ] --START--
INFO: Run Behavior\ShowPageTraceBehavior [ RunTime:0.000990s ]
INFO: [ app_end ] --END-- [ RunTime:0.001034s ]

[ 2016-06-30T12:51:15+08:00 ] 127.0.0.1 /tjutour/Home/BuildingData/getAllData
INFO: [ app_init ] --START--
INFO: Run Behavior\BuildLiteBehavior [ RunTime:0.000019s ]
INFO: [ app_init ] --END-- [ RunTime:0.000472s ]
INFO: [ app_begin ] --START--
INFO: Run Behavior\ReadHtmlCacheBehavior [ RunTime:0.000957s ]
INFO: [ app_begin ] --END-- [ RunTime:0.000999s ]
ERR: 1146:Table 'todolist.buildingdata' doesn't exist
 [ SQL语句 ] : SHOW COLUMNS FROM `buildingdata`
ERR: 1146:Table 'todolist.buildingdata' doesn't exist
 [ SQL语句 ] : SHOW COLUMNS FROM `buildingdata`

[ 2016-06-30T12:51:37+08:00 ] 127.0.0.1 /tjutour/Home/BuildingData/getAllData
INFO: [ app_init ] --START--
INFO: Run Behavior\BuildLiteBehavior [ RunTime:0.000011s ]
INFO: [ app_init ] --END-- [ RunTime:0.000381s ]
INFO: [ app_begin ] --START--
INFO: Run Behavior\ReadHtmlCacheBehavior [ RunTime:0.000956s ]
INFO: [ app_begin ] --END-- [ RunTime:0.000999s ]
SQL: SHOW COLUMNS FROM `buildingdata` [ RunTime:0.0045s ]
SQL: SELECT * FROM `buildingdata` LIMIT 1   [ RunTime:0.0020s ]
NOTIC: [2] Invalid argument supplied for foreach() D:\xampp\htdocs\tjutour\Application\Home\Controller\BuildingDataController.class.php 第 22 行.
INFO: [ app_end ] --START--
INFO: Run Behavior\ShowPageTraceBehavior [ RunTime:0.001197s ]
INFO: [ app_end ] --END-- [ RunTime:0.001248s ]

[ 2016-06-30T12:56:30+08:00 ] 127.0.0.1 /tjutour/Home/BuildingData/getAllData
INFO: [ app_init ] --START--
INFO: Run Behavior\BuildLiteBehavior [ RunTime:0.000012s ]
INFO: [ app_init ] --END-- [ RunTime:0.000392s ]
INFO: [ app_begin ] --START--
INFO: Run Behavior\ReadHtmlCacheBehavior [ RunTime:0.001060s ]
INFO: [ app_begin ] --END-- [ RunTime:0.001107s ]
ERR: SQLSTATE[HY000] [1102] Incorrect database name 'tjutour	'

[ 2016-06-30T12:58:44+08:00 ] 127.0.0.1 /tjutour/Home/BuildingData/getAllData
INFO: [ app_init ] --START--
INFO: Run Behavior\BuildLiteBehavior [ RunTime:0.000016s ]
INFO: [ app_init ] --END-- [ RunTime:0.000573s ]
INFO: [ app_begin ] --START--
INFO: Run Behavior\ReadHtmlCacheBehavior [ RunTime:0.001453s ]
INFO: [ app_begin ] --END-- [ RunTime:0.001525s ]
SQL: SHOW COLUMNS FROM `buildingdata` [ RunTime:0.0054s ]
SQL: SELECT * FROM `buildingdata` LIMIT 1   [ RunTime:0.0006s ]
NOTIC: [2] Invalid argument supplied for foreach() D:\xampp\htdocs\tjutour\Application\Home\Controller\BuildingDataController.class.php 第 18 行.
INFO: [ app_end ] --START--
INFO: Run Behavior\ShowPageTraceBehavior [ RunTime:0.001215s ]
INFO: [ app_end ] --END-- [ RunTime:0.001255s ]

[ 2016-06-30T13:00:21+08:00 ] 127.0.0.1 /tjutour/Home/BuildingData/getAllData
INFO: [ app_init ] --START--
INFO: Run Behavior\BuildLiteBehavior [ RunTime:0.000022s ]
INFO: [ app_init ] --END-- [ RunTime:0.000571s ]
INFO: [ app_begin ] --START--
INFO: Run Behavior\ReadHtmlCacheBehavior [ RunTime:0.001265s ]
INFO: [ app_begin ] --END-- [ RunTime:0.001362s ]

[ 2016-06-30T13:00:36+08:00 ] 127.0.0.1 /tjutour/Home/BuildingData/getAllData
INFO: [ app_init ] --START--
INFO: Run Behavior\BuildLiteBehavior [ RunTime:0.000012s ]
INFO: [ app_init ] --END-- [ RunTime:0.000450s ]
INFO: [ app_begin ] --START--
INFO: Run Behavior\ReadHtmlCacheBehavior [ RunTime:0.000993s ]
INFO: [ app_begin ] --END-- [ RunTime:0.001035s ]
SQL: SHOW COLUMNS FROM `buildingdata` [ RunTime:0.0047s ]
SQL: SELECT * FROM `buildingdata` LIMIT 1   [ RunTime:0.0007s ]
NOTIC: [2] Invalid argument supplied for foreach() D:\xampp\htdocs\tjutour\Application\Home\Controller\BuildingDataController.class.php 第 16 行.
INFO: [ app_end ] --START--
INFO: Run Behavior\ShowPageTraceBehavior [ RunTime:0.001237s ]
INFO: [ app_end ] --END-- [ RunTime:0.001279s ]

[ 2016-06-30T16:03:32+08:00 ] 127.0.0.1 /tjutour/Home/BuildingData
INFO: [ app_init ] --START--
INFO: Run Behavior\BuildLiteBehavior [ RunTime:0.000012s ]
INFO: [ app_init ] --END-- [ RunTime:0.000494s ]
INFO: [ app_begin ] --START--
INFO: Run Behavior\ReadHtmlCacheBehavior [ RunTime:0.000974s ]
INFO: [ app_begin ] --END-- [ RunTime:0.001029s ]
ERR: 非法操作:index

[ 2016-06-30T16:05:05+08:00 ] 127.0.0.1 /tjutour/Home/BuildingData
INFO: [ app_init ] --START--
INFO: Run Behavior\BuildLiteBehavior [ RunTime:0.000012s ]
INFO: [ app_init ] --END-- [ RunTime:0.000462s ]
INFO: [ app_begin ] --START--
INFO: Run Behavior\ReadHtmlCacheBehavior [ RunTime:0.000994s ]
INFO: [ app_begin ] --END-- [ RunTime:0.001037s ]
ERR: 非法操作:index

[ 2016-06-30T16:06:07+08:00 ] 127.0.0.1 /tjutour/Home/BuildingData/getAllData
INFO: [ app_init ] --START--
INFO: Run Behavior\BuildLiteBehavior [ RunTime:0.000012s ]
INFO: [ app_init ] --END-- [ RunTime:0.000397s ]
INFO: [ app_begin ] --START--
INFO: Run Behavior\ReadHtmlCacheBehavior [ RunTime:0.001057s ]
INFO: [ app_begin ] --END-- [ RunTime:0.001106s ]
NOTIC: [8] Array to string conversion D:\xampp\htdocs\tjutour\Application\Home\Controller\BuildingDataController.class.php 第 9 行.
INFO: [ app_end ] --START--
INFO: Run Behavior\ShowPageTraceBehavior [ RunTime:0.001001s ]
INFO: [ app_end ] --END-- [ RunTime:0.001041s ]

[ 2016-06-30T16:06:16+08:00 ] 127.0.0.1 /tjutour/Home/BuildingData/getAllData
INFO: [ app_init ] --START--
INFO: Run Behavior\BuildLiteBehavior [ RunTime:0.000016s ]
INFO: [ app_init ] --END-- [ RunTime:0.000631s ]
INFO: [ app_begin ] --START--
INFO: Run Behavior\ReadHtmlCacheBehavior [ RunTime:0.001542s ]
INFO: [ app_begin ] --END-- [ RunTime:0.001617s ]
SQL: SHOW COLUMNS FROM `buildingdata` [ RunTime:0.0047s ]
SQL: SELECT * FROM `buildingdata` LIMIT 1   [ RunTime:0.0009s ]
NOTIC: [2] Illegal string offset 'id' D:\xampp\htdocs\tjutour\Application\Home\Controller\BuildingDataController.class.php 第 19 行.
NOTIC: [2] Illegal string offset 'name' D:\xampp\htdocs\tjutour\Application\Home\Controller\BuildingDataController.class.php 第 20 行.
NOTIC: [2] Illegal string offset 'descrition' D:\xampp\htdocs\tjutour\Application\Home\Controller\BuildingDataController.class.php 第 21 行.
NOTIC: [2] Illegal string offset 'id' D:\xampp\htdocs\tjutour\Application\Home\Controller\BuildingDataController.class.php 第 19 行.
NOTIC: [2] Illegal string offset 'name' D:\xampp\htdocs\tjutour\Application\Home\Controller\BuildingDataController.class.php 第 20 行.
NOTIC: [2] Illegal string offset 'descrition' D:\xampp\htdocs\tjutour\Application\Home\Controller\BuildingDataController.class.php 第 21 行.
NOTIC: [2] Illegal string offset 'id' D:\xampp\htdocs\tjutour\Application\Home\Controller\BuildingDataController.class.php 第 19 行.
NOTIC: [2] Illegal string offset 'name' D:\xampp\htdocs\tjutour\Application\Home\Controller\BuildingDataController.class.php 第 20 行.
NOTIC: [2] Illegal string offset 'descrition' D:\xampp\htdocs\tjutour\Application\Home\Controller\BuildingDataController.class.php 第 21 行.
INFO: [ app_end ] --START--
INFO: Run Behavior\ShowPageTraceBehavior [ RunTime:0.001303s ]
INFO: [ app_end ] --END-- [ RunTime:0.001361s ]

[ 2016-06-30T16:07:11+08:00 ] 127.0.0.1 /tjutour/Home/BuildingData/getAllData
INFO: [ app_init ] --START--
INFO: Run Behavior\BuildLiteBehavior [ RunTime:0.000018s ]
INFO: [ app_init ] --END-- [ RunTime:0.000493s ]
INFO: [ app_begin ] --START--
INFO: Run Behavior\ReadHtmlCacheBehavior [ RunTime:0.001533s ]
INFO: [ app_begin ] --END-- [ RunTime:0.001612s ]
SQL: SHOW COLUMNS FROM `buildingdata` [ RunTime:0.0053s ]
SQL: SELECT * FROM `buildingdata` LIMIT 1   [ RunTime:0.0008s ]
NOTIC: [2] Illegal string offset 'id' D:\xampp\htdocs\tjutour\Application\Home\Controller\BuildingDataController.class.php 第 19 行.
NOTIC: [2] Illegal string offset 'name' D:\xampp\htdocs\tjutour\Application\Home\Controller\BuildingDataController.class.php 第 20 行.
NOTIC: [2] Illegal string offset 'descrition' D:\xampp\htdocs\tjutour\Application\Home\Controller\BuildingDataController.class.php 第 21 行.
NOTIC: [2] Illegal string offset 'id' D:\xampp\htdocs\tjutour\Application\Home\Controller\BuildingDataController.class.php 第 19 行.
NOTIC: [2] Illegal string offset 'name' D:\xampp\htdocs\tjutour\Application\Home\Controller\BuildingDataController.class.php 第 20 行.
NOTIC: [2] Illegal string offset 'descrition' D:\xampp\htdocs\tjutour\Application\Home\Controller\BuildingDataController.class.php 第 21 行.
NOTIC: [2] Illegal string offset 'id' D:\xampp\htdocs\tjutour\Application\Home\Controller\BuildingDataController.class.php 第 19 行.
NOTIC: [2] Illegal string offset 'name' D:\xampp\htdocs\tjutour\Application\Home\Controller\BuildingDataController.class.php 第 20 行.
NOTIC: [2] Illegal string offset 'descrition' D:\xampp\htdocs\tjutour\Application\Home\Controller\BuildingDataController.class.php 第 21 行.
INFO: [ app_end ] --START--
INFO: Run Behavior\ShowPageTraceBehavior [ RunTime:0.001344s ]
INFO: [ app_end ] --END-- [ RunTime:0.001397s ]

[ 2016-06-30T16:07:38+08:00 ] 127.0.0.1 /tjutour/Home/BuildingData/getAllData
INFO: [ app_init ] --START--
INFO: Run Behavior\BuildLiteBehavior [ RunTime:0.000013s ]
INFO: [ app_init ] --END-- [ RunTime:0.000436s ]
INFO: [ app_begin ] --START--
INFO: Run Behavior\ReadHtmlCacheBehavior [ RunTime:0.001248s ]
INFO: [ app_begin ] --END-- [ RunTime:0.001320s ]
SQL: SHOW COLUMNS FROM `buildingdata` [ RunTime:0.0048s ]
SQL: SELECT * FROM `buildingdata` LIMIT 1   [ RunTime:0.0008s ]
NOTIC: [2] Illegal string offset 'id' D:\xampp\htdocs\tjutour\Application\Home\Controller\BuildingDataController.class.php 第 20 行.
NOTIC: [2] Illegal string offset 'name' D:\xampp\htdocs\tjutour\Application\Home\Controller\BuildingDataController.class.php 第 21 行.
NOTIC: [2] Illegal string offset 'descrition' D:\xampp\htdocs\tjutour\Application\Home\Controller\BuildingDataController.class.php 第 22 行.
NOTIC: [2] Illegal string offset 'id' D:\xampp\htdocs\tjutour\Application\Home\Controller\BuildingDataController.class.php 第 20 行.
NOTIC: [2] Illegal string offset 'name' D:\xampp\htdocs\tjutour\Application\Home\Controller\BuildingDataController.class.php 第 21 行.
NOTIC: [2] Illegal string offset 'descrition' D:\xampp\htdocs\tjutour\Application\Home\Controller\BuildingDataController.class.php 第 22 行.
NOTIC: [2] Illegal string offset 'id' D:\xampp\htdocs\tjutour\Application\Home\Controller\BuildingDataController.class.php 第 20 行.
NOTIC: [2] Illegal string offset 'name' D:\xampp\htdocs\tjutour\Application\Home\Controller\BuildingDataController.class.php 第 21 行.
NOTIC: [2] Illegal string offset 'descrition' D:\xampp\htdocs\tjutour\Application\Home\Controller\BuildingDataController.class.php 第 22 行.
INFO: [ app_end ] --START--
INFO: Run Behavior\ShowPageTraceBehavior [ RunTime:0.001338s ]
INFO: [ app_end ] --END-- [ RunTime:0.001393s ]

[ 2016-06-30T16:07:56+08:00 ] 127.0.0.1 /tjutour/Home/BuildingData/getAllData
INFO: [ app_init ] --START--
INFO: Run Behavior\BuildLiteBehavior [ RunTime:0.000012s ]
INFO: [ app_init ] --END-- [ RunTime:0.000401s ]
INFO: [ app_begin ] --START--
INFO: Run Behavior\ReadHtmlCacheBehavior [ RunTime:0.000963s ]
INFO: [ app_begin ] --END-- [ RunTime:0.001019s ]
SQL: SHOW COLUMNS FROM `buildingdata` [ RunTime:0.0046s ]
SQL: SELECT * FROM `buildingdata` LIMIT 1   [ RunTime:0.0007s ]
NOTIC: [2] Illegal string offset 'id' D:\xampp\htdocs\tjutour\Application\Home\Controller\BuildingDataController.class.php 第 20 行.
NOTIC: [2] Illegal string offset 'name' D:\xampp\htdocs\tjutour\Application\Home\Controller\BuildingDataController.class.php 第 21 行.
NOTIC: [2] Illegal string offset 'descrition' D:\xampp\htdocs\tjutour\Application\Home\Controller\BuildingDataController.class.php 第 22 行.
NOTIC: [2] Illegal string offset 'id' D:\xampp\htdocs\tjutour\Application\Home\Controller\BuildingDataController.class.php 第 20 行.
NOTIC: [2] Illegal string offset 'name' D:\xampp\htdocs\tjutour\Application\Home\Controller\BuildingDataController.class.php 第 21 行.
NOTIC: [2] Illegal string offset 'descrition' D:\xampp\htdocs\tjutour\Application\Home\Controller\BuildingDataController.class.php 第 22 行.
NOTIC: [2] Illegal string offset 'id' D:\xampp\htdocs\tjutour\Application\Home\Controller\BuildingDataController.class.php 第 20 行.
NOTIC: [2] Illegal string offset 'name' D:\xampp\htdocs\tjutour\Application\Home\Controller\BuildingDataController.class.php 第 21 行.
NOTIC: [2] Illegal string offset 'descrition' D:\xampp\htdocs\tjutour\Application\Home\Controller\BuildingDataController.class.php 第 22 行.
INFO: [ app_end ] --START--
INFO: Run Behavior\ShowPageTraceBehavior [ RunTime:0.001279s ]
INFO: [ app_end ] --END-- [ RunTime:0.001319s ]

[ 2016-06-30T16:08:58+08:00 ] 127.0.0.1 /tjutour/Home/BuildingData/getAllData
INFO: [ app_init ] --START--
INFO: Run Behavior\BuildLiteBehavior [ RunTime:0.000010s ]
INFO: [ app_init ] --END-- [ RunTime:0.000385s ]
INFO: [ app_begin ] --START--
INFO: Run Behavior\ReadHtmlCacheBehavior [ RunTime:0.001005s ]
INFO: [ app_begin ] --END-- [ RunTime:0.001051s ]
SQL: SHOW COLUMNS FROM `buildingdata` [ RunTime:0.0046s ]
SQL: SELECT * FROM `buildingdata` LIMIT 1   [ RunTime:0.0008s ]
NOTIC: [2] Illegal string offset 'id' D:\xampp\htdocs\tjutour\Application\Home\Controller\BuildingDataController.class.php 第 20 行.
NOTIC: [2] Illegal string offset 'name' D:\xampp\htdocs\tjutour\Application\Home\Controller\BuildingDataController.class.php 第 21 行.
NOTIC: [2] Illegal string offset 'descrition' D:\xampp\htdocs\tjutour\Application\Home\Controller\BuildingDataController.class.php 第 22 行.
NOTIC: [2] Illegal string offset 'id' D:\xampp\htdocs\tjutour\Application\Home\Controller\BuildingDataController.class.php 第 20 行.
NOTIC: [2] Illegal string offset 'name' D:\xampp\htdocs\tjutour\Application\Home\Controller\BuildingDataController.class.php 第 21 行.
NOTIC: [2] Illegal string offset 'descrition' D:\xampp\htdocs\tjutour\Application\Home\Controller\BuildingDataController.class.php 第 22 行.
NOTIC: [2] Illegal string offset 'id' D:\xampp\htdocs\tjutour\Application\Home\Controller\BuildingDataController.class.php 第 20 行.
NOTIC: [2] Illegal string offset 'name' D:\xampp\htdocs\tjutour\Application\Home\Controller\BuildingDataController.class.php 第 21 行.
NOTIC: [2] Illegal string offset 'descrition' D:\xampp\htdocs\tjutour\Application\Home\Controller\BuildingDataController.class.php 第 22 行.
INFO: [ app_end ] --START--
INFO: Run Behavior\ShowPageTraceBehavior [ RunTime:0.001299s ]
INFO: [ app_end ] --END-- [ RunTime:0.001382s ]

[ 2016-06-30T16:10:09+08:00 ] 127.0.0.1 /tjutour/Home/BuildingData/getAllData
INFO: [ app_init ] --START--
INFO: Run Behavior\BuildLiteBehavior [ RunTime:0.000011s ]
INFO: [ app_init ] --END-- [ RunTime:0.000424s ]
INFO: [ app_begin ] --START--
INFO: Run Behavior\ReadHtmlCacheBehavior [ RunTime:0.001118s ]
INFO: [ app_begin ] --END-- [ RunTime:0.001178s ]
SQL: SHOW COLUMNS FROM `buildingdata` [ RunTime:0.0032s ]
SQL: SELECT * FROM `buildingdata` LIMIT 1   [ RunTime:0.0004s ]
NOTIC: [2] Illegal string offset 'id' D:\xampp\htdocs\tjutour\Application\Home\Controller\BuildingDataController.class.php 第 19 行.
NOTIC: [2] Illegal string offset 'id' D:\xampp\htdocs\tjutour\Application\Home\Controller\BuildingDataController.class.php 第 20 行.
NOTIC: [2] Illegal string offset 'name' D:\xampp\htdocs\tjutour\Application\Home\Controller\BuildingDataController.class.php 第 21 行.
NOTIC: [2] Illegal string offset 'descrition' D:\xampp\htdocs\tjutour\Application\Home\Controller\BuildingDataController.class.php 第 22 行.
NOTIC: [2] Illegal string offset 'id' D:\xampp\htdocs\tjutour\Application\Home\Controller\BuildingDataController.class.php 第 19 行.
NOTIC: [2] Illegal string offset 'id' D:\xampp\htdocs\tjutour\Application\Home\Controller\BuildingDataController.class.php 第 20 行.
NOTIC: [2] Illegal string offset 'name' D:\xampp\htdocs\tjutour\Application\Home\Controller\BuildingDataController.class.php 第 21 行.
NOTIC: [2] Illegal string offset 'descrition' D:\xampp\htdocs\tjutour\Application\Home\Controller\BuildingDataController.class.php 第 22 行.
NOTIC: [2] Illegal string offset 'id' D:\xampp\htdocs\tjutour\Application\Home\Controller\BuildingDataController.class.php 第 19 行.
NOTIC: [2] Illegal string offset 'id' D:\xampp\htdocs\tjutour\Application\Home\Controller\BuildingDataController.class.php 第 20 行.
NOTIC: [2] Illegal string offset 'name' D:\xampp\htdocs\tjutour\Application\Home\Controller\BuildingDataController.class.php 第 21 行.
NOTIC: [2] Illegal string offset 'descrition' D:\xampp\htdocs\tjutour\Application\Home\Controller\BuildingDataController.class.php 第 22 行.
INFO: [ app_end ] --START--
INFO: Run Behavior\ShowPageTraceBehavior [ RunTime:0.001260s ]
INFO: [ app_end ] --END-- [ RunTime:0.001323s ]

[ 2016-06-30T16:10:19+08:00 ] 127.0.0.1 /tjutour/Home/BuildingData/getAllData
INFO: [ app_init ] --START--
INFO: Run Behavior\BuildLiteBehavior [ RunTime:0.000010s ]
INFO: [ app_init ] --END-- [ RunTime:0.000380s ]
INFO: [ app_begin ] --START--
INFO: Run Behavior\ReadHtmlCacheBehavior [ RunTime:0.000905s ]
INFO: [ app_begin ] --END-- [ RunTime:0.000948s ]
SQL: SHOW COLUMNS FROM `buildingdata` [ RunTime:0.0043s ]
SQL: SELECT * FROM `buildingdata` LIMIT 1   [ RunTime:0.0004s ]
NOTIC: [2] Illegal string offset 'id' D:\xampp\htdocs\tjutour\Application\Home\Controller\BuildingDataController.class.php 第 19 行.
NOTIC: [2] Illegal string offset 'id' D:\xampp\htdocs\tjutour\Application\Home\Controller\BuildingDataController.class.php 第 20 行.
NOTIC: [2] Illegal string offset 'name' D:\xampp\htdocs\tjutour\Application\Home\Controller\BuildingDataController.class.php 第 21 行.
NOTIC: [2] Illegal string offset 'descrition' D:\xampp\htdocs\tjutour\Application\Home\Controller\BuildingDataController.class.php 第 22 行.
NOTIC: [2] Illegal string offset 'id' D:\xampp\htdocs\tjutour\Application\Home\Controller\BuildingDataController.class.php 第 19 行.
NOTIC: [2] Illegal string offset 'id' D:\xampp\htdocs\tjutour\Application\Home\Controller\BuildingDataController.class.php 第 20 行.
NOTIC: [2] Illegal string offset 'name' D:\xampp\htdocs\tjutour\Application\Home\Controller\BuildingDataController.class.php 第 21 行.
NOTIC: [2] Illegal string offset 'descrition' D:\xampp\htdocs\tjutour\Application\Home\Controller\BuildingDataController.class.php 第 22 行.
NOTIC: [2] Illegal string offset 'id' D:\xampp\htdocs\tjutour\Application\Home\Controller\BuildingDataController.class.php 第 19 行.
NOTIC: [2] Illegal string offset 'id' D:\xampp\htdocs\tjutour\Application\Home\Controller\BuildingDataController.class.php 第 20 行.
NOTIC: [2] Illegal string offset 'name' D:\xampp\htdocs\tjutour\Application\Home\Controller\BuildingDataController.class.php 第 21 行.
NOTIC: [2] Illegal string offset 'descrition' D:\xampp\htdocs\tjutour\Application\Home\Controller\BuildingDataController.class.php 第 22 行.
INFO: [ app_end ] --START--
INFO: Run Behavior\ShowPageTraceBehavior [ RunTime:0.001165s ]
INFO: [ app_end ] --END-- [ RunTime:0.001208s ]

[ 2016-06-30T16:10:36+08:00 ] 127.0.0.1 /tjutour/Home/BuildingData/getAllData
INFO: [ app_init ] --START--
INFO: Run Behavior\BuildLiteBehavior [ RunTime:0.000021s ]
INFO: [ app_init ] --END-- [ RunTime:0.000421s ]
INFO: [ app_begin ] --START--
INFO: Run Behavior\ReadHtmlCacheBehavior [ RunTime:0.000894s ]
INFO: [ app_begin ] --END-- [ RunTime:0.000936s ]
SQL: SHOW COLUMNS FROM `buildingdata` [ RunTime:0.0044s ]
SQL: SELECT * FROM `buildingdata` LIMIT 1   [ RunTime:0.0008s ]
NOTIC: [2] Illegal string offset 'id' D:\xampp\htdocs\tjutour\Application\Home\Controller\BuildingDataController.class.php 第 19 行.
NOTIC: [2] Illegal string offset 'id' D:\xampp\htdocs\tjutour\Application\Home\Controller\BuildingDataController.class.php 第 20 行.
NOTIC: [2] Illegal string offset 'name' D:\xampp\htdocs\tjutour\Application\Home\Controller\BuildingDataController.class.php 第 21 行.
NOTIC: [2] Illegal string offset 'descrition' D:\xampp\htdocs\tjutour\Application\Home\Controller\BuildingDataController.class.php 第 22 行.
NOTIC: [2] Illegal string offset 'id' D:\xampp\htdocs\tjutour\Application\Home\Controller\BuildingDataController.class.php 第 19 行.
NOTIC: [2] Illegal string offset 'id' D:\xampp\htdocs\tjutour\Application\Home\Controller\BuildingDataController.class.php 第 20 行.
NOTIC: [2] Illegal string offset 'name' D:\xampp\htdocs\tjutour\Application\Home\Controller\BuildingDataController.class.php 第 21 行.
NOTIC: [2] Illegal string offset 'descrition' D:\xampp\htdocs\tjutour\Application\Home\Controller\BuildingDataController.class.php 第 22 行.
NOTIC: [2] Illegal string offset 'id' D:\xampp\htdocs\tjutour\Application\Home\Controller\BuildingDataController.class.php 第 19 行.
NOTIC: [2] Illegal string offset 'id' D:\xampp\htdocs\tjutour\Application\Home\Controller\BuildingDataController.class.php 第 20 行.
NOTIC: [2] Illegal string offset 'name' D:\xampp\htdocs\tjutour\Application\Home\Controller\BuildingDataController.class.php 第 21 行.
NOTIC: [2] Illegal string offset 'descrition' D:\xampp\htdocs\tjutour\Application\Home\Controller\BuildingDataController.class.php 第 22 行.
INFO: [ app_end ] --START--
INFO: Run Behavior\ShowPageTraceBehavior [ RunTime:0.001129s ]
INFO: [ app_end ] --END-- [ RunTime:0.001171s ]

[ 2016-06-30T16:10:38+08:00 ] 127.0.0.1 /tjutour/Home/BuildingData/getAllData
INFO: [ app_init ] --START--
INFO: Run Behavior\BuildLiteBehavior [ RunTime:0.000012s ]
INFO: [ app_init ] --END-- [ RunTime:0.000389s ]
INFO: [ app_begin ] --START--
INFO: Run Behavior\ReadHtmlCacheBehavior [ RunTime:0.000903s ]
INFO: [ app_begin ] --END-- [ RunTime:0.000944s ]
SQL: SHOW COLUMNS FROM `buildingdata` [ RunTime:0.0049s ]
SQL: SELECT * FROM `buildingdata` LIMIT 1   [ RunTime:0.0011s ]
NOTIC: [2] Illegal string offset 'id' D:\xampp\htdocs\tjutour\Application\Home\Controller\BuildingDataController.class.php 第 19 行.
NOTIC: [2] Illegal string offset 'id' D:\xampp\htdocs\tjutour\Application\Home\Controller\BuildingDataController.class.php 第 20 行.
NOTIC: [2] Illegal string offset 'name' D:\xampp\htdocs\tjutour\Application\Home\Controller\BuildingDataController.class.php 第 22 行.
NOTIC: [2] Illegal string offset 'descrition' D:\xampp\htdocs\tjutour\Application\Home\Controller\BuildingDataController.class.php 第 23 行.
NOTIC: [2] Illegal string offset 'id' D:\xampp\htdocs\tjutour\Application\Home\Controller\BuildingDataController.class.php 第 19 行.
NOTIC: [2] Illegal string offset 'id' D:\xampp\htdocs\tjutour\Application\Home\Controller\BuildingDataController.class.php 第 20 行.
NOTIC: [2] Illegal string offset 'name' D:\xampp\htdocs\tjutour\Application\Home\Controller\BuildingDataController.class.php 第 22 行.
NOTIC: [2] Illegal string offset 'descrition' D:\xampp\htdocs\tjutour\Application\Home\Controller\BuildingDataController.class.php 第 23 行.
NOTIC: [2] Illegal string offset 'id' D:\xampp\htdocs\tjutour\Application\Home\Controller\BuildingDataController.class.php 第 19 行.
NOTIC: [2] Illegal string offset 'id' D:\xampp\htdocs\tjutour\Application\Home\Controller\BuildingDataController.class.php 第 20 行.
NOTIC: [2] Illegal string offset 'name' D:\xampp\htdocs\tjutour\Application\Home\Controller\BuildingDataController.class.php 第 22 行.
NOTIC: [2] Illegal string offset 'descrition' D:\xampp\htdocs\tjutour\Application\Home\Controller\BuildingDataController.class.php 第 23 行.
INFO: [ app_end ] --START--
INFO: Run Behavior\ShowPageTraceBehavior [ RunTime:0.001342s ]
INFO: [ app_end ] --END-- [ RunTime:0.001399s ]

[ 2016-06-30T16:11:06+08:00 ] 127.0.0.1 /tjutour/Home/BuildingData/getAllData
INFO: [ app_init ] --START--
INFO: Run Behavior\BuildLiteBehavior [ RunTime:0.000015s ]
INFO: [ app_init ] --END-- [ RunTime:0.000490s ]
INFO: [ app_begin ] --START--
INFO: Run Behavior\ReadHtmlCacheBehavior [ RunTime:0.000932s ]
INFO: [ app_begin ] --END-- [ RunTime:0.000991s ]
SQL: SHOW COLUMNS FROM `buildingdata` [ RunTime:0.0046s ]
SQL: SELECT * FROM `buildingdata` LIMIT 1   [ RunTime:0.0007s ]
NOTIC: [2] Illegal string offset 'id' D:\xampp\htdocs\tjutour\Application\Home\Controller\BuildingDataController.class.php 第 20 行.
NOTIC: [2] Illegal string offset 'id' D:\xampp\htdocs\tjutour\Application\Home\Controller\BuildingDataController.class.php 第 21 行.
NOTIC: [2] Illegal string offset 'name' D:\xampp\htdocs\tjutour\Application\Home\Controller\BuildingDataController.class.php 第 23 行.
NOTIC: [2] Illegal string offset 'descrition' D:\xampp\htdocs\tjutour\Application\Home\Controller\BuildingDataController.class.php 第 24 行.
NOTIC: [2] Illegal string offset 'id' D:\xampp\htdocs\tjutour\Application\Home\Controller\BuildingDataController.class.php 第 20 行.
NOTIC: [2] Illegal string offset 'id' D:\xampp\htdocs\tjutour\Application\Home\Controller\BuildingDataController.class.php 第 21 行.
NOTIC: [2] Illegal string offset 'name' D:\xampp\htdocs\tjutour\Application\Home\Controller\BuildingDataController.class.php 第 23 行.
NOTIC: [2] Illegal string offset 'descrition' D:\xampp\htdocs\tjutour\Application\Home\Controller\BuildingDataController.class.php 第 24 行.
NOTIC: [2] Illegal string offset 'id' D:\xampp\htdocs\tjutour\Application\Home\Controller\BuildingDataController.class.php 第 20 行.
NOTIC: [2] Illegal string offset 'id' D:\xampp\htdocs\tjutour\Application\Home\Controller\BuildingDataController.class.php 第 21 行.
NOTIC: [2] Illegal string offset 'name' D:\xampp\htdocs\tjutour\Application\Home\Controller\BuildingDataController.class.php 第 23 行.
NOTIC: [2] Illegal string offset 'descrition' D:\xampp\htdocs\tjutour\Application\Home\Controller\BuildingDataController.class.php 第 24 行.
INFO: [ app_end ] --START--
INFO: Run Behavior\ShowPageTraceBehavior [ RunTime:0.001432s ]
INFO: [ app_end ] --END-- [ RunTime:0.001486s ]

[ 2016-06-30T16:11:16+08:00 ] 127.0.0.1 /tjutour/Home/BuildingData/getAllData
INFO: [ app_init ] --START--
INFO: Run Behavior\BuildLiteBehavior [ RunTime:0.000013s ]
INFO: [ app_init ] --END-- [ RunTime:0.000472s ]
INFO: [ app_begin ] --START--
INFO: Run Behavior\ReadHtmlCacheBehavior [ RunTime:0.001043s ]
INFO: [ app_begin ] --END-- [ RunTime:0.001091s ]
SQL: SHOW COLUMNS FROM `buildingdata` [ RunTime:0.0049s ]
SQL: SELECT * FROM `buildingdata`  [ RunTime:0.0006s ]
NOTIC: [8] Undefined index: descrition D:\xampp\htdocs\tjutour\Application\Home\Controller\BuildingDataController.class.php 第 24 行.
NOTIC: [8] Undefined index: descrition D:\xampp\htdocs\tjutour\Application\Home\Controller\BuildingDataController.class.php 第 24 行.
NOTIC: [8] Undefined index: descrition D:\xampp\htdocs\tjutour\Application\Home\Controller\BuildingDataController.class.php 第 24 行.
INFO: [ app_end ] --START--
INFO: Run Behavior\ShowPageTraceBehavior [ RunTime:0.001171s ]
INFO: [ app_end ] --END-- [ RunTime:0.001221s ]

[ 2016-06-30T16:11:40+08:00 ] 127.0.0.1 /tjutour/Home/BuildingData/getAllData
INFO: [ app_init ] --START--
INFO: Run Behavior\BuildLiteBehavior [ RunTime:0.000011s ]
INFO: [ app_init ] --END-- [ RunTime:0.000421s ]
INFO: [ app_begin ] --START--
INFO: Run Behavior\ReadHtmlCacheBehavior [ RunTime:0.001017s ]
INFO: [ app_begin ] --END-- [ RunTime:0.001061s ]
SQL: SHOW COLUMNS FROM `buildingdata` [ RunTime:0.0049s ]
SQL: SELECT * FROM `buildingdata`  [ RunTime:0.0008s ]
INFO: [ app_end ] --START--
INFO: Run Behavior\ShowPageTraceBehavior [ RunTime:0.001526s ]
INFO: [ app_end ] --END-- [ RunTime:0.001578s ]

[ 2016-06-30T16:11:58+08:00 ] 127.0.0.1 /tjutour/Home/BuildingData/getAllData
INFO: [ app_init ] --START--
INFO: Run Behavior\BuildLiteBehavior [ RunTime:0.000013s ]
INFO: [ app_init ] --END-- [ RunTime:0.000455s ]
INFO: [ app_begin ] --START--
INFO: Run Behavior\ReadHtmlCacheBehavior [ RunTime:0.000965s ]
INFO: [ app_begin ] --END-- [ RunTime:0.001014s ]
SQL: SHOW COLUMNS FROM `buildingdata` [ RunTime:0.0049s ]
SQL: SELECT * FROM `buildingdata`  [ RunTime:0.0009s ]
INFO: [ app_end ] --START--
INFO: Run Behavior\ShowPageTraceBehavior [ RunTime:0.001184s ]
INFO: [ app_end ] --END-- [ RunTime:0.001249s ]

[ 2016-06-30T16:12:20+08:00 ] 127.0.0.1 /tjutour/Home/BuildingData/getAllData
INFO: [ app_init ] --START--
INFO: Run Behavior\BuildLiteBehavior [ RunTime:0.000013s ]
INFO: [ app_init ] --END-- [ RunTime:0.000426s ]
INFO: [ app_begin ] --START--
INFO: Run Behavior\ReadHtmlCacheBehavior [ RunTime:0.000969s ]
INFO: [ app_begin ] --END-- [ RunTime:0.001011s ]
SQL: SHOW COLUMNS FROM `buildingdata` [ RunTime:0.0045s ]
SQL: SELECT * FROM `buildingdata`  [ RunTime:0.0007s ]
INFO: [ app_end ] --START--
INFO: Run Behavior\ShowPageTraceBehavior [ RunTime:0.001160s ]
INFO: [ app_end ] --END-- [ RunTime:0.001202s ]

[ 2016-06-30T16:19:08+08:00 ] 10.1.39.124 /tjutour/index.php/Home/BuildingData/getAllData
INFO: [ app_init ] --START--
INFO: Run Behavior\BuildLiteBehavior [ RunTime:0.000013s ]
INFO: [ app_init ] --END-- [ RunTime:0.000412s ]
INFO: [ app_begin ] --START--
INFO: Run Behavior\ReadHtmlCacheBehavior [ RunTime:0.000993s ]
INFO: [ app_begin ] --END-- [ RunTime:0.001037s ]
SQL: SHOW COLUMNS FROM `buildingdata` [ RunTime:0.0048s ]
SQL: SELECT * FROM `buildingdata`  [ RunTime:0.0008s ]
INFO: [ app_end ] --START--
INFO: Run Behavior\ShowPageTraceBehavior [ RunTime:0.001144s ]
INFO: [ app_end ] --END-- [ RunTime:0.001203s ]

[ 2016-06-30T16:20:03+08:00 ] 10.1.39.124 /tjutour/index.php/Home/BuildingData/getAllData
INFO: [ app_init ] --START--
INFO: Run Behavior\BuildLiteBehavior [ RunTime:0.000011s ]
INFO: [ app_init ] --END-- [ RunTime:0.000384s ]
INFO: [ app_begin ] --START--
INFO: Run Behavior\ReadHtmlCacheBehavior [ RunTime:0.000897s ]
INFO: [ app_begin ] --END-- [ RunTime:0.000940s ]
SQL: SHOW COLUMNS FROM `buildingdata` [ RunTime:0.0050s ]
SQL: SELECT * FROM `buildingdata`  [ RunTime:0.0008s ]
INFO: [ app_end ] --START--
INFO: Run Behavior\ShowPageTraceBehavior [ RunTime:0.001188s ]
INFO: [ app_end ] --END-- [ RunTime:0.001240s ]

[ 2016-06-30T16:25:10+08:00 ] 10.1.39.124 /tjutour/index.php/Home/BuildingData/getAllData
INFO: [ app_init ] --START--
INFO: Run Behavior\BuildLiteBehavior [ RunTime:0.000013s ]
INFO: [ app_init ] --END-- [ RunTime:0.000435s ]
INFO: [ app_begin ] --START--
INFO: Run Behavior\ReadHtmlCacheBehavior [ RunTime:0.001031s ]
INFO: [ app_begin ] --END-- [ RunTime:0.001090s ]
SQL: SHOW COLUMNS FROM `buildingdata` [ RunTime:0.0052s ]
SQL: SELECT * FROM `buildingdata`  [ RunTime:0.0008s ]
INFO: [ app_end ] --START--
INFO: Run Behavior\ShowPageTraceBehavior [ RunTime:0.001159s ]
INFO: [ app_end ] --END-- [ RunTime:0.001202s ]

