[ 2016-07-01T14:06:15+08:00 ] 10.1.44.51 /tjutour/building_pictures/0/0
INFO: [ app_init ] --START--
INFO: Run Behavior\BuildLiteBehavior [ RunTime:0.000012s ]
INFO: [ app_init ] --END-- [ RunTime:0.000395s ]
ERR: 无法加载模块:Building_pictures

[ 2016-07-01T14:06:22+08:00 ] 10.1.44.51 /tjutour/building_pictures/0/0
INFO: [ app_init ] --START--
INFO: Run Behavior\BuildLiteBehavior [ RunTime:0.000012s ]
INFO: [ app_init ] --END-- [ RunTime:0.000476s ]
ERR: 无法加载模块:Building_pictures

[ 2016-07-01T14:07:37+08:00 ] 10.1.44.51 /tjutour/building_pictures/1/0.jpg
INFO: [ app_init ] --START--
INFO: Run Behavior\BuildLiteBehavior [ RunTime:0.000012s ]
INFO: [ app_init ] --END-- [ RunTime:0.000387s ]
ERR: 无法加载模块:Building_pictures

[ 2016-07-01T14:07:43+08:00 ] 10.1.44.51 /tjutour/building_pictures/2/0.jpg
INFO: [ app_init ] --START--
INFO: Run Behavior\BuildLiteBehavior [ RunTime:0.000012s ]
INFO: [ app_init ] --END-- [ RunTime:0.000487s ]
ERR: 无法加载模块:Building_pictures

[ 2016-07-01T14:07:47+08:00 ] 10.1.44.51 /tjutour/building_pictures/2/0.jpg
INFO: [ app_init ] --START--
INFO: Run Behavior\BuildLiteBehavior [ RunTime:0.000011s ]
INFO: [ app_init ] --END-- [ RunTime:0.000405s ]
ERR: 无法加载模块:Building_pictures

[ 2016-07-01T15:25:48+08:00 ] 10.1.44.168 /tjutour//building_pictures/1/0.jpg
INFO: [ app_init ] --START--
INFO: Run Behavior\BuildLiteBehavior [ RunTime:0.000012s ]
INFO: [ app_init ] --END-- [ RunTime:0.000445s ]
ERR: 无法加载模块:Building_pictures

[ 2016-07-01T15:36:37+08:00 ] 10.1.44.168 /tjutour//building_pictures/1/0.jpg
INFO: [ app_init ] --START--
INFO: Run Behavior\BuildLiteBehavior [ RunTime:0.000010s ]
INFO: [ app_init ] --END-- [ RunTime:0.000384s ]
ERR: 无法加载模块:Building_pictures

[ 2016-07-01T15:37:51+08:00 ] 10.1.44.168 /tjutour//building_pictures/1/0.jpg
INFO: [ app_init ] --START--
INFO: Run Behavior\BuildLiteBehavior [ RunTime:0.000010s ]
INFO: [ app_init ] --END-- [ RunTime:0.000311s ]
ERR: 无法加载模块:Building_pictures

[ 2016-07-01T15:39:41+08:00 ] 10.1.44.168 /tjutour//building_pictures/1/0.jpg
INFO: [ app_init ] --START--
INFO: Run Behavior\BuildLiteBehavior [ RunTime:0.000010s ]
INFO: [ app_init ] --END-- [ RunTime:0.000314s ]
ERR: 无法加载模块:Building_pictures

[ 2016-07-01T15:43:18+08:00 ] 10.1.44.168 /tjutour//building_pictures/1/4.jpg
INFO: [ app_init ] --START--
INFO: Run Behavior\BuildLiteBehavior [ RunTime:0.000011s ]
INFO: [ app_init ] --END-- [ RunTime:0.000405s ]
ERR: 无法加载模块:Building_pictures

[ 2016-07-01T15:45:24+08:00 ] 10.1.44.168 /tjutour//building_pictures/1/4.jpg
INFO: [ app_init ] --START--
INFO: Run Behavior\BuildLiteBehavior [ RunTime:0.000012s ]
INFO: [ app_init ] --END-- [ RunTime:0.000448s ]
ERR: 无法加载模块:Building_pictures

[ 2016-07-01T15:45:28+08:00 ] 10.1.44.168 /tjutour//building_pictures/0/4.jpg
INFO: [ app_init ] --START--
INFO: Run Behavior\BuildLiteBehavior [ RunTime:0.000013s ]
INFO: [ app_init ] --END-- [ RunTime:0.000417s ]
ERR: 无法加载模块:Building_pictures

[ 2016-07-01T15:45:32+08:00 ] 10.1.44.168 /tjutour//building_pictures/2/4.jpg
INFO: [ app_init ] --START--
INFO: Run Behavior\BuildLiteBehavior [ RunTime:0.000011s ]
INFO: [ app_init ] --END-- [ RunTime:0.000385s ]
ERR: 无法加载模块:Building_pictures

[ 2016-07-01T15:46:40+08:00 ] 10.1.44.168 /tjutour//building_pictures/1/4.jpg
INFO: [ app_init ] --START--
INFO: Run Behavior\BuildLiteBehavior [ RunTime:0.000012s ]
INFO: [ app_init ] --END-- [ RunTime:0.000390s ]
ERR: 无法加载模块:Building_pictures

[ 2016-07-01T15:46:47+08:00 ] 10.1.44.168 /tjutour//building_pictures/2/4.jpg
INFO: [ app_init ] --START--
INFO: Run Behavior\BuildLiteBehavior [ RunTime:0.000012s ]
INFO: [ app_init ] --END-- [ RunTime:0.000485s ]
ERR: 无法加载模块:Building_pictures

[ 2016-07-01T15:46:55+08:00 ] 10.1.44.168 /tjutour//building_pictures/0/4.jpg
INFO: [ app_init ] --START--
INFO: Run Behavior\BuildLiteBehavior [ RunTime:0.000012s ]
INFO: [ app_init ] --END-- [ RunTime:0.000415s ]
ERR: 无法加载模块:Building_pictures

[ 2016-07-01T15:49:03+08:00 ] 10.1.44.168 /tjutour//building_pictures/1/4.jpg
INFO: [ app_init ] --START--
INFO: Run Behavior\BuildLiteBehavior [ RunTime:0.000015s ]
INFO: [ app_init ] --END-- [ RunTime:0.000486s ]
ERR: 无法加载模块:Building_pictures

[ 2016-07-01T15:50:43+08:00 ] 10.1.44.168 /tjutour//building_pictures/1/4.jpg
INFO: [ app_init ] --START--
INFO: Run Behavior\BuildLiteBehavior [ RunTime:0.000012s ]
INFO: [ app_init ] --END-- [ RunTime:0.000415s ]
ERR: 无法加载模块:Building_pictures

[ 2016-07-01T15:51:58+08:00 ] 10.1.44.168 /tjutour//building_pictures/1/4.jpg
INFO: [ app_init ] --START--
INFO: Run Behavior\BuildLiteBehavior [ RunTime:0.000011s ]
INFO: [ app_init ] --END-- [ RunTime:0.000396s ]
ERR: 无法加载模块:Building_pictures

[ 2016-07-01T15:52:56+08:00 ] 10.1.44.168 /tjutour//building_pictures/1/4.jpg
INFO: [ app_init ] --START--
INFO: Run Behavior\BuildLiteBehavior [ RunTime:0.000012s ]
INFO: [ app_init ] --END-- [ RunTime:0.000385s ]
ERR: 无法加载模块:Building_pictures

[ 2016-07-01T15:52:58+08:00 ] 10.1.44.168 /tjutour//building_pictures/2/4.jpg
INFO: [ app_init ] --START--
INFO: Run Behavior\BuildLiteBehavior [ RunTime:0.000012s ]
INFO: [ app_init ] --END-- [ RunTime:0.000408s ]
ERR: 无法加载模块:Building_pictures

[ 2016-07-01T15:53:01+08:00 ] 10.1.44.168 /tjutour//building_pictures/0/4.jpg
INFO: [ app_init ] --START--
INFO: Run Behavior\BuildLiteBehavior [ RunTime:0.000012s ]
INFO: [ app_init ] --END-- [ RunTime:0.000387s ]
ERR: 无法加载模块:Building_pictures

