[ 2016-07-07T09:20:50+08:00 ] 10.1.34.76 /tjutour//building_pictures/1/4.jpg
INFO: [ app_init ] --START--
INFO: Run Behavior\BuildLiteBehavior [ RunTime:0.000011s ]
INFO: [ app_init ] --END-- [ RunTime:0.000390s ]
ERR: 无法加载模块:Building_pictures

[ 2016-07-07T09:20:53+08:00 ] 10.1.34.76 /tjutour//building_pictures/2/4.jpg
INFO: [ app_init ] --START--
INFO: Run Behavior\BuildLiteBehavior [ RunTime:0.000011s ]
INFO: [ app_init ] --END-- [ RunTime:0.000344s ]
ERR: 无法加载模块:Building_pictures

[ 2016-07-07T09:21:36+08:00 ] 10.1.34.76 /tjutour//building_pictures/0/4.jpg
INFO: [ app_init ] --START--
INFO: Run Behavior\BuildLiteBehavior [ RunTime:0.000010s ]
INFO: [ app_init ] --END-- [ RunTime:0.000302s ]
ERR: 无法加载模块:Building_pictures

[ 2016-07-07T09:23:51+08:00 ] 10.1.41.108 /tjutour//building_pictures/1/4.jpg
INFO: [ app_init ] --START--
INFO: Run Behavior\BuildLiteBehavior [ RunTime:0.000011s ]
INFO: [ app_init ] --END-- [ RunTime:0.000376s ]
ERR: 无法加载模块:Building_pictures

[ 2016-07-07T09:23:54+08:00 ] 10.1.41.108 /tjutour//building_pictures/2/4.jpg
INFO: [ app_init ] --START--
INFO: Run Behavior\BuildLiteBehavior [ RunTime:0.000011s ]
INFO: [ app_init ] --END-- [ RunTime:0.000352s ]
ERR: 无法加载模块:Building_pictures

[ 2016-07-07T09:23:58+08:00 ] 10.1.41.108 /tjutour//building_pictures/0/4.jpg
INFO: [ app_init ] --START--
INFO: Run Behavior\BuildLiteBehavior [ RunTime:0.000011s ]
INFO: [ app_init ] --END-- [ RunTime:0.000306s ]
ERR: 无法加载模块:Building_pictures

[ 2016-07-07T09:26:30+08:00 ] 10.1.34.76 /tjutour//building_pictures/1/4.jpg
INFO: [ app_init ] --START--
INFO: Run Behavior\BuildLiteBehavior [ RunTime:0.000011s ]
INFO: [ app_init ] --END-- [ RunTime:0.000373s ]
ERR: 无法加载模块:Building_pictures

[ 2016-07-07T09:38:39+08:00 ] 10.1.34.76 /tjutour//building_pictures/1/4.jpg
INFO: [ app_init ] --START--
INFO: Run Behavior\BuildLiteBehavior [ RunTime:0.000011s ]
INFO: [ app_init ] --END-- [ RunTime:0.000377s ]
ERR: 无法加载模块:Building_pictures

[ 2016-07-07T09:38:48+08:00 ] 10.1.34.76 /tjutour//building_pictures/2/4.jpg
INFO: [ app_init ] --START--
INFO: Run Behavior\BuildLiteBehavior [ RunTime:0.000011s ]
INFO: [ app_init ] --END-- [ RunTime:0.000309s ]
ERR: 无法加载模块:Building_pictures

[ 2016-07-07T09:39:25+08:00 ] 10.1.34.76 /tjutour//building_pictures/0/4.jpg
INFO: [ app_init ] --START--
INFO: Run Behavior\BuildLiteBehavior [ RunTime:0.000010s ]
INFO: [ app_init ] --END-- [ RunTime:0.000310s ]
ERR: 无法加载模块:Building_pictures

[ 2016-07-07T09:40:30+08:00 ] 10.1.34.76 /tjutour//building_pictures/1/4.jpg
INFO: [ app_init ] --START--
INFO: Run Behavior\BuildLiteBehavior [ RunTime:0.000010s ]
INFO: [ app_init ] --END-- [ RunTime:0.000323s ]
ERR: 无法加载模块:Building_pictures

[ 2016-07-07T09:40:33+08:00 ] 10.1.34.76 /tjutour//building_pictures/2/4.jpg
INFO: [ app_init ] --START--
INFO: Run Behavior\BuildLiteBehavior [ RunTime:0.000010s ]
INFO: [ app_init ] --END-- [ RunTime:0.000304s ]
ERR: 无法加载模块:Building_pictures

[ 2016-07-07T09:40:36+08:00 ] 10.1.34.76 /tjutour//building_pictures/0/4.jpg
INFO: [ app_init ] --START--
INFO: Run Behavior\BuildLiteBehavior [ RunTime:0.000011s ]
INFO: [ app_init ] --END-- [ RunTime:0.000306s ]
ERR: 无法加载模块:Building_pictures

[ 2016-07-07T09:49:42+08:00 ] 10.1.41.108 /tjutour//building_pictures/1/4.jpg
INFO: [ app_init ] --START--
INFO: Run Behavior\BuildLiteBehavior [ RunTime:0.000011s ]
INFO: [ app_init ] --END-- [ RunTime:0.000394s ]
ERR: 无法加载模块:Building_pictures

[ 2016-07-07T09:49:45+08:00 ] 10.1.41.108 /tjutour//building_pictures/2/4.jpg
INFO: [ app_init ] --START--
INFO: Run Behavior\BuildLiteBehavior [ RunTime:0.000010s ]
INFO: [ app_init ] --END-- [ RunTime:0.000323s ]
ERR: 无法加载模块:Building_pictures

[ 2016-07-07T09:49:49+08:00 ] 10.1.41.108 /tjutour//building_pictures/0/4.jpg
INFO: [ app_init ] --START--
INFO: Run Behavior\BuildLiteBehavior [ RunTime:0.000010s ]
INFO: [ app_init ] --END-- [ RunTime:0.000305s ]
ERR: 无法加载模块:Building_pictures

[ 2016-07-07T09:52:27+08:00 ] 10.1.41.108 /tjutour//building_pictures/1/4.jpg
INFO: [ app_init ] --START--
INFO: Run Behavior\BuildLiteBehavior [ RunTime:0.000014s ]
INFO: [ app_init ] --END-- [ RunTime:0.000423s ]
ERR: 无法加载模块:Building_pictures

[ 2016-07-07T09:52:31+08:00 ] 10.1.41.108 /tjutour//building_pictures/2/4.jpg
INFO: [ app_init ] --START--
INFO: Run Behavior\BuildLiteBehavior [ RunTime:0.000010s ]
INFO: [ app_init ] --END-- [ RunTime:0.000310s ]
ERR: 无法加载模块:Building_pictures

[ 2016-07-07T09:52:34+08:00 ] 10.1.41.108 /tjutour//building_pictures/0/4.jpg
INFO: [ app_init ] --START--
INFO: Run Behavior\BuildLiteBehavior [ RunTime:0.000011s ]
INFO: [ app_init ] --END-- [ RunTime:0.000306s ]
ERR: 无法加载模块:Building_pictures

[ 2016-07-07T09:56:16+08:00 ] 10.1.41.108 /tjutour//building_pictures/1/4.jpg
INFO: [ app_init ] --START--
INFO: Run Behavior\BuildLiteBehavior [ RunTime:0.000011s ]
INFO: [ app_init ] --END-- [ RunTime:0.000425s ]
ERR: 无法加载模块:Building_pictures

[ 2016-07-07T09:56:20+08:00 ] 10.1.41.108 /tjutour//building_pictures/2/4.jpg
INFO: [ app_init ] --START--
INFO: Run Behavior\BuildLiteBehavior [ RunTime:0.000011s ]
INFO: [ app_init ] --END-- [ RunTime:0.000304s ]
ERR: 无法加载模块:Building_pictures

[ 2016-07-07T09:56:24+08:00 ] 10.1.41.108 /tjutour//building_pictures/0/4.jpg
INFO: [ app_init ] --START--
INFO: Run Behavior\BuildLiteBehavior [ RunTime:0.000011s ]
INFO: [ app_init ] --END-- [ RunTime:0.000346s ]
ERR: 无法加载模块:Building_pictures

