[ 2016-07-02T22:29:18+08:00 ] 192.168.191.2 /tjutour//building_pictures/1/4.jpg
INFO: [ app_init ] --START--
INFO: Run Behavior\BuildLiteBehavior [ RunTime:0.000013s ]
INFO: [ app_init ] --END-- [ RunTime:0.000443s ]
ERR: 无法加载模块:Building_pictures

[ 2016-07-02T22:30:57+08:00 ] 192.168.191.2 /tjutour//building_pictures/1/4.jpg
INFO: [ app_init ] --START--
INFO: Run Behavior\BuildLiteBehavior [ RunTime:0.000019s ]
INFO: [ app_init ] --END-- [ RunTime:0.000498s ]
ERR: 无法加载模块:Building_pictures

[ 2016-07-02T22:54:29+08:00 ] 192.168.191.2 /tjutour//building_pictures/1/4.jpg
INFO: [ app_init ] --START--
INFO: Run Behavior\BuildLiteBehavior [ RunTime:0.000015s ]
INFO: [ app_init ] --END-- [ RunTime:0.000585s ]
ERR: 无法加载模块:Building_pictures

[ 2016-07-02T22:54:32+08:00 ] 192.168.191.2 /tjutour//building_pictures/0/4.jpg
INFO: [ app_init ] --START--
INFO: Run Behavior\BuildLiteBehavior [ RunTime:0.000020s ]
INFO: [ app_init ] --END-- [ RunTime:0.000516s ]
ERR: 无法加载模块:Building_pictures

