[ 2016-07-06T09:21:13+08:00 ] 10.1.42.43 /tjutour//building_pictures/1/4.jpg
INFO: [ app_init ] --START--
INFO: Run Behavior\BuildLiteBehavior [ RunTime:0.000012s ]
INFO: [ app_init ] --END-- [ RunTime:0.000445s ]
ERR: 无法加载模块:Building_pictures

[ 2016-07-06T09:21:16+08:00 ] 10.1.42.43 /tjutour//building_pictures/2/4.jpg
INFO: [ app_init ] --START--
INFO: Run Behavior\BuildLiteBehavior [ RunTime:0.000011s ]
INFO: [ app_init ] --END-- [ RunTime:0.000326s ]
ERR: 无法加载模块:Building_pictures

[ 2016-07-06T09:21:19+08:00 ] 10.1.42.43 /tjutour//building_pictures/0/4.jpg
INFO: [ app_init ] --START--
INFO: Run Behavior\BuildLiteBehavior [ RunTime:0.000011s ]
INFO: [ app_init ] --END-- [ RunTime:0.000351s ]
ERR: 无法加载模块:Building_pictures

[ 2016-07-06T09:25:07+08:00 ] 10.1.42.43 /tjutour//building_pictures/1/4.jpg
INFO: [ app_init ] --START--
INFO: Run Behavior\BuildLiteBehavior [ RunTime:0.000012s ]
INFO: [ app_init ] --END-- [ RunTime:0.000403s ]
ERR: 无法加载模块:Building_pictures

[ 2016-07-06T09:25:10+08:00 ] 10.1.42.43 /tjutour//building_pictures/2/4.jpg
INFO: [ app_init ] --START--
INFO: Run Behavior\BuildLiteBehavior [ RunTime:0.000011s ]
INFO: [ app_init ] --END-- [ RunTime:0.000338s ]
ERR: 无法加载模块:Building_pictures

[ 2016-07-06T09:29:19+08:00 ] 10.1.42.43 /tjutour//building_pictures/0/4.jpg
INFO: [ app_init ] --START--
INFO: Run Behavior\BuildLiteBehavior [ RunTime:0.000011s ]
INFO: [ app_init ] --END-- [ RunTime:0.000424s ]
ERR: 无法加载模块:Building_pictures

[ 2016-07-06T09:32:22+08:00 ] 10.1.42.43 /tjutour//building_pictures/1/4.jpg
INFO: [ app_init ] --START--
INFO: Run Behavior\BuildLiteBehavior [ RunTime:0.000012s ]
INFO: [ app_init ] --END-- [ RunTime:0.000406s ]
ERR: 无法加载模块:Building_pictures

[ 2016-07-06T09:32:25+08:00 ] 10.1.42.43 /tjutour//building_pictures/2/4.jpg
INFO: [ app_init ] --START--
INFO: Run Behavior\BuildLiteBehavior [ RunTime:0.000011s ]
INFO: [ app_init ] --END-- [ RunTime:0.000321s ]
ERR: 无法加载模块:Building_pictures

[ 2016-07-06T09:32:29+08:00 ] 10.1.42.43 /tjutour//building_pictures/0/4.jpg
INFO: [ app_init ] --START--
INFO: Run Behavior\BuildLiteBehavior [ RunTime:0.000011s ]
INFO: [ app_init ] --END-- [ RunTime:0.000323s ]
ERR: 无法加载模块:Building_pictures

[ 2016-07-06T09:47:21+08:00 ] 10.1.42.43 /tjutour//building_pictures/1/4.jpg
INFO: [ app_init ] --START--
INFO: Run Behavior\BuildLiteBehavior [ RunTime:0.000011s ]
INFO: [ app_init ] --END-- [ RunTime:0.000388s ]
ERR: 无法加载模块:Building_pictures

[ 2016-07-06T09:47:24+08:00 ] 10.1.42.43 /tjutour//building_pictures/2/4.jpg
INFO: [ app_init ] --START--
INFO: Run Behavior\BuildLiteBehavior [ RunTime:0.000012s ]
INFO: [ app_init ] --END-- [ RunTime:0.000323s ]
ERR: 无法加载模块:Building_pictures

[ 2016-07-06T09:50:42+08:00 ] 10.1.42.43 /tjutour//building_pictures/1/4.jpg
INFO: [ app_init ] --START--
INFO: Run Behavior\BuildLiteBehavior [ RunTime:0.000011s ]
INFO: [ app_init ] --END-- [ RunTime:0.000412s ]
ERR: 无法加载模块:Building_pictures

[ 2016-07-06T09:50:45+08:00 ] 10.1.42.43 /tjutour//building_pictures/2/4.jpg
INFO: [ app_init ] --START--
INFO: Run Behavior\BuildLiteBehavior [ RunTime:0.000013s ]
INFO: [ app_init ] --END-- [ RunTime:0.000358s ]
ERR: 无法加载模块:Building_pictures

[ 2016-07-06T09:54:12+08:00 ] 10.1.42.43 /tjutour//building_pictures/1/4.jpg
INFO: [ app_init ] --START--
INFO: Run Behavior\BuildLiteBehavior [ RunTime:0.000012s ]
INFO: [ app_init ] --END-- [ RunTime:0.000408s ]
ERR: 无法加载模块:Building_pictures

[ 2016-07-06T09:54:15+08:00 ] 10.1.42.43 /tjutour//building_pictures/2/4.jpg
INFO: [ app_init ] --START--
INFO: Run Behavior\BuildLiteBehavior [ RunTime:0.000011s ]
INFO: [ app_init ] --END-- [ RunTime:0.000315s ]
ERR: 无法加载模块:Building_pictures

[ 2016-07-06T09:54:19+08:00 ] 10.1.42.43 /tjutour//building_pictures/0/4.jpg
INFO: [ app_init ] --START--
INFO: Run Behavior\BuildLiteBehavior [ RunTime:0.000012s ]
INFO: [ app_init ] --END-- [ RunTime:0.000324s ]
ERR: 无法加载模块:Building_pictures

[ 2016-07-06T09:59:17+08:00 ] 10.1.42.43 /tjutour//building_pictures/1/4.jpg
INFO: [ app_init ] --START--
INFO: Run Behavior\BuildLiteBehavior [ RunTime:0.000011s ]
INFO: [ app_init ] --END-- [ RunTime:0.000403s ]
ERR: 无法加载模块:Building_pictures

[ 2016-07-06T09:59:20+08:00 ] 10.1.42.43 /tjutour//building_pictures/2/4.jpg
INFO: [ app_init ] --START--
INFO: Run Behavior\BuildLiteBehavior [ RunTime:0.000011s ]
INFO: [ app_init ] --END-- [ RunTime:0.000334s ]
ERR: 无法加载模块:Building_pictures

[ 2016-07-06T10:03:27+08:00 ] 10.1.42.43 /tjutour//building_pictures/1/4.jpg
INFO: [ app_init ] --START--
INFO: Run Behavior\BuildLiteBehavior [ RunTime:0.000011s ]
INFO: [ app_init ] --END-- [ RunTime:0.000404s ]
ERR: 无法加载模块:Building_pictures

[ 2016-07-06T10:03:30+08:00 ] 10.1.42.43 /tjutour//building_pictures/2/4.jpg
INFO: [ app_init ] --START--
INFO: Run Behavior\BuildLiteBehavior [ RunTime:0.000017s ]
INFO: [ app_init ] --END-- [ RunTime:0.000340s ]
ERR: 无法加载模块:Building_pictures

[ 2016-07-06T10:03:33+08:00 ] 10.1.42.43 /tjutour//building_pictures/0/4.jpg
INFO: [ app_init ] --START--
INFO: Run Behavior\BuildLiteBehavior [ RunTime:0.000011s ]
INFO: [ app_init ] --END-- [ RunTime:0.000335s ]
ERR: 无法加载模块:Building_pictures

[ 2016-07-06T10:04:27+08:00 ] 10.1.42.43 /tjutour//building_pictures/1/4.jpg
INFO: [ app_init ] --START--
INFO: Run Behavior\BuildLiteBehavior [ RunTime:0.000010s ]
INFO: [ app_init ] --END-- [ RunTime:0.000308s ]
ERR: 无法加载模块:Building_pictures

[ 2016-07-06T10:04:30+08:00 ] 10.1.42.43 /tjutour//building_pictures/2/4.jpg
INFO: [ app_init ] --START--
INFO: Run Behavior\BuildLiteBehavior [ RunTime:0.000023s ]
INFO: [ app_init ] --END-- [ RunTime:0.000332s ]
ERR: 无法加载模块:Building_pictures

[ 2016-07-06T10:06:19+08:00 ] 10.1.42.43 /tjutour//building_pictures/1/4.jpg
INFO: [ app_init ] --START--
INFO: Run Behavior\BuildLiteBehavior [ RunTime:0.000014s ]
INFO: [ app_init ] --END-- [ RunTime:0.000464s ]
ERR: 无法加载模块:Building_pictures

[ 2016-07-06T10:07:42+08:00 ] 10.1.42.43 /tjutour//building_pictures/0/4.jpg
INFO: [ app_init ] --START--
INFO: Run Behavior\BuildLiteBehavior [ RunTime:0.000011s ]
INFO: [ app_init ] --END-- [ RunTime:0.000321s ]
ERR: 无法加载模块:Building_pictures

[ 2016-07-06T10:07:46+08:00 ] 10.1.42.43 /tjutour//building_pictures/2/4.jpg
INFO: [ app_init ] --START--
INFO: Run Behavior\BuildLiteBehavior [ RunTime:0.000010s ]
INFO: [ app_init ] --END-- [ RunTime:0.000311s ]
ERR: 无法加载模块:Building_pictures

[ 2016-07-06T10:28:24+08:00 ] 10.1.42.43 /tjutour//building_pictures/1/4.jpg
INFO: [ app_init ] --START--
INFO: Run Behavior\BuildLiteBehavior [ RunTime:0.000012s ]
INFO: [ app_init ] --END-- [ RunTime:0.000389s ]
ERR: 无法加载模块:Building_pictures

[ 2016-07-06T10:28:27+08:00 ] 10.1.42.43 /tjutour//building_pictures/2/4.jpg
INFO: [ app_init ] --START--
INFO: Run Behavior\BuildLiteBehavior [ RunTime:0.000011s ]
INFO: [ app_init ] --END-- [ RunTime:0.000323s ]
ERR: 无法加载模块:Building_pictures

[ 2016-07-06T10:29:15+08:00 ] 10.1.42.43 /tjutour//building_pictures/1/4.jpg
INFO: [ app_init ] --START--
INFO: Run Behavior\BuildLiteBehavior [ RunTime:0.000011s ]
INFO: [ app_init ] --END-- [ RunTime:0.000332s ]
ERR: 无法加载模块:Building_pictures

[ 2016-07-06T10:31:49+08:00 ] 10.1.42.43 /tjutour//building_pictures/1/4.jpg
INFO: [ app_init ] --START--
INFO: Run Behavior\BuildLiteBehavior [ RunTime:0.000012s ]
INFO: [ app_init ] --END-- [ RunTime:0.000436s ]
ERR: 无法加载模块:Building_pictures

[ 2016-07-06T10:31:54+08:00 ] 10.1.42.43 /tjutour//building_pictures/2/4.jpg
INFO: [ app_init ] --START--
INFO: Run Behavior\BuildLiteBehavior [ RunTime:0.000012s ]
INFO: [ app_init ] --END-- [ RunTime:0.000308s ]
ERR: 无法加载模块:Building_pictures

[ 2016-07-06T10:32:25+08:00 ] 10.1.42.43 /tjutour//building_pictures/1/4.jpg
INFO: [ app_init ] --START--
INFO: Run Behavior\BuildLiteBehavior [ RunTime:0.000011s ]
INFO: [ app_init ] --END-- [ RunTime:0.000340s ]
ERR: 无法加载模块:Building_pictures

[ 2016-07-06T10:32:28+08:00 ] 10.1.42.43 /tjutour//building_pictures/2/4.jpg
INFO: [ app_init ] --START--
INFO: Run Behavior\BuildLiteBehavior [ RunTime:0.000011s ]
INFO: [ app_init ] --END-- [ RunTime:0.000344s ]
ERR: 无法加载模块:Building_pictures

[ 2016-07-06T10:35:14+08:00 ] 10.1.42.43 /tjutour//building_pictures/1/4.jpg
INFO: [ app_init ] --START--
INFO: Run Behavior\BuildLiteBehavior [ RunTime:0.000013s ]
INFO: [ app_init ] --END-- [ RunTime:0.000444s ]
ERR: 无法加载模块:Building_pictures

[ 2016-07-06T10:35:14+08:00 ] 10.1.34.27 /tjutour//building_pictures/1/4.jpg
INFO: [ app_init ] --START--
INFO: Run Behavior\BuildLiteBehavior [ RunTime:0.000012s ]
INFO: [ app_init ] --END-- [ RunTime:0.000416s ]
ERR: 无法加载模块:Building_pictures

[ 2016-07-06T10:35:15+08:00 ] 10.1.42.43 /tjutour//building_pictures/2/4.jpg
INFO: [ app_init ] --START--
INFO: Run Behavior\BuildLiteBehavior [ RunTime:0.000010s ]
INFO: [ app_init ] --END-- [ RunTime:0.000337s ]
ERR: 无法加载模块:Building_pictures

[ 2016-07-06T10:35:18+08:00 ] 10.1.34.27 /tjutour//building_pictures/2/4.jpg
INFO: [ app_init ] --START--
INFO: Run Behavior\BuildLiteBehavior [ RunTime:0.000013s ]
INFO: [ app_init ] --END-- [ RunTime:0.000320s ]
ERR: 无法加载模块:Building_pictures

[ 2016-07-06T10:35:21+08:00 ] 10.1.34.27 /tjutour//building_pictures/0/4.jpg
INFO: [ app_init ] --START--
INFO: Run Behavior\BuildLiteBehavior [ RunTime:0.000028s ]
INFO: [ app_init ] --END-- [ RunTime:0.000664s ]
ERR: 无法加载模块:Building_pictures

[ 2016-07-06T10:36:16+08:00 ] 10.1.42.43 /tjutour//building_pictures/1/4.jpg
INFO: [ app_init ] --START--
INFO: Run Behavior\BuildLiteBehavior [ RunTime:0.000011s ]
INFO: [ app_init ] --END-- [ RunTime:0.000335s ]
ERR: 无法加载模块:Building_pictures

[ 2016-07-06T10:37:50+08:00 ] 10.1.42.43 /tjutour//building_pictures/1/4.jpg
INFO: [ app_init ] --START--
INFO: Run Behavior\BuildLiteBehavior [ RunTime:0.000012s ]
INFO: [ app_init ] --END-- [ RunTime:0.000428s ]
ERR: 无法加载模块:Building_pictures

[ 2016-07-06T10:37:53+08:00 ] 10.1.42.43 /tjutour//building_pictures/2/4.jpg
INFO: [ app_init ] --START--
INFO: Run Behavior\BuildLiteBehavior [ RunTime:0.000011s ]
INFO: [ app_init ] --END-- [ RunTime:0.000309s ]
ERR: 无法加载模块:Building_pictures

[ 2016-07-06T10:39:07+08:00 ] 10.1.42.43 /tjutour//building_pictures/1/4.jpg
INFO: [ app_init ] --START--
INFO: Run Behavior\BuildLiteBehavior [ RunTime:0.000011s ]
INFO: [ app_init ] --END-- [ RunTime:0.000324s ]
ERR: 无法加载模块:Building_pictures

[ 2016-07-06T10:39:10+08:00 ] 10.1.42.43 /tjutour//building_pictures/2/4.jpg
INFO: [ app_init ] --START--
INFO: Run Behavior\BuildLiteBehavior [ RunTime:0.000012s ]
INFO: [ app_init ] --END-- [ RunTime:0.000327s ]
ERR: 无法加载模块:Building_pictures

[ 2016-07-06T10:40:58+08:00 ] 10.1.42.43 /tjutour//building_pictures/1/4.jpg
INFO: [ app_init ] --START--
INFO: Run Behavior\BuildLiteBehavior [ RunTime:0.000011s ]
INFO: [ app_init ] --END-- [ RunTime:0.000391s ]
ERR: 无法加载模块:Building_pictures

[ 2016-07-06T10:41:02+08:00 ] 10.1.42.43 /tjutour//building_pictures/2/4.jpg
INFO: [ app_init ] --START--
INFO: Run Behavior\BuildLiteBehavior [ RunTime:0.000011s ]
INFO: [ app_init ] --END-- [ RunTime:0.000343s ]
ERR: 无法加载模块:Building_pictures

[ 2016-07-06T10:41:06+08:00 ] 10.1.42.43 /tjutour//building_pictures/0/4.jpg
INFO: [ app_init ] --START--
INFO: Run Behavior\BuildLiteBehavior [ RunTime:0.000012s ]
INFO: [ app_init ] --END-- [ RunTime:0.000309s ]
ERR: 无法加载模块:Building_pictures

[ 2016-07-06T10:42:28+08:00 ] 10.1.34.27 /tjutour//building_pictures/1/4.jpg
INFO: [ app_init ] --START--
INFO: Run Behavior\BuildLiteBehavior [ RunTime:0.000011s ]
INFO: [ app_init ] --END-- [ RunTime:0.000328s ]
ERR: 无法加载模块:Building_pictures

[ 2016-07-06T10:42:32+08:00 ] 10.1.34.27 /tjutour//building_pictures/2/4.jpg
INFO: [ app_init ] --START--
INFO: Run Behavior\BuildLiteBehavior [ RunTime:0.000011s ]
INFO: [ app_init ] --END-- [ RunTime:0.000332s ]
ERR: 无法加载模块:Building_pictures

[ 2016-07-06T10:42:35+08:00 ] 10.1.34.27 /tjutour//building_pictures/0/4.jpg
INFO: [ app_init ] --START--
INFO: Run Behavior\BuildLiteBehavior [ RunTime:0.000012s ]
INFO: [ app_init ] --END-- [ RunTime:0.000343s ]
ERR: 无法加载模块:Building_pictures

[ 2016-07-06T10:44:16+08:00 ] 10.1.42.43 /tjutour//building_pictures/1/4.jpg
INFO: [ app_init ] --START--
INFO: Run Behavior\BuildLiteBehavior [ RunTime:0.000011s ]
INFO: [ app_init ] --END-- [ RunTime:0.000385s ]
ERR: 无法加载模块:Building_pictures

[ 2016-07-06T10:44:32+08:00 ] 10.1.34.27 /tjutour//building_pictures/1/4.jpg
INFO: [ app_init ] --START--
INFO: Run Behavior\BuildLiteBehavior [ RunTime:0.000011s ]
INFO: [ app_init ] --END-- [ RunTime:0.000340s ]
ERR: 无法加载模块:Building_pictures

[ 2016-07-06T10:44:36+08:00 ] 10.1.34.27 /tjutour//building_pictures/2/4.jpg
INFO: [ app_init ] --START--
INFO: Run Behavior\BuildLiteBehavior [ RunTime:0.000011s ]
INFO: [ app_init ] --END-- [ RunTime:0.000317s ]
ERR: 无法加载模块:Building_pictures

[ 2016-07-06T10:44:40+08:00 ] 10.1.34.27 /tjutour//building_pictures/0/4.jpg
INFO: [ app_init ] --START--
INFO: Run Behavior\BuildLiteBehavior [ RunTime:0.000011s ]
INFO: [ app_init ] --END-- [ RunTime:0.000336s ]
ERR: 无法加载模块:Building_pictures

[ 2016-07-06T10:44:57+08:00 ] 10.1.39.51 /tjutour//building_pictures/1/4.jpg
INFO: [ app_init ] --START--
INFO: Run Behavior\BuildLiteBehavior [ RunTime:0.000011s ]
INFO: [ app_init ] --END-- [ RunTime:0.000307s ]
ERR: 无法加载模块:Building_pictures

[ 2016-07-06T10:45:00+08:00 ] 10.1.39.51 /tjutour//building_pictures/2/4.jpg
INFO: [ app_init ] --START--
INFO: Run Behavior\BuildLiteBehavior [ RunTime:0.000011s ]
INFO: [ app_init ] --END-- [ RunTime:0.000317s ]
ERR: 无法加载模块:Building_pictures

[ 2016-07-06T10:45:15+08:00 ] 10.1.42.43 /tjutour//building_pictures/1/4.jpg
INFO: [ app_init ] --START--
INFO: Run Behavior\BuildLiteBehavior [ RunTime:0.000011s ]
INFO: [ app_init ] --END-- [ RunTime:0.000322s ]
ERR: 无法加载模块:Building_pictures

[ 2016-07-06T10:46:00+08:00 ] 10.1.42.43 /tjutour//building_pictures/1/4.jpg
INFO: [ app_init ] --START--
INFO: Run Behavior\BuildLiteBehavior [ RunTime:0.000011s ]
INFO: [ app_init ] --END-- [ RunTime:0.000342s ]
ERR: 无法加载模块:Building_pictures

[ 2016-07-06T10:46:03+08:00 ] 10.1.42.43 /tjutour//building_pictures/2/4.jpg
INFO: [ app_init ] --START--
INFO: Run Behavior\BuildLiteBehavior [ RunTime:0.000011s ]
INFO: [ app_init ] --END-- [ RunTime:0.000332s ]
ERR: 无法加载模块:Building_pictures

[ 2016-07-06T10:46:33+08:00 ] 10.1.39.51 /tjutour//building_pictures/1/4.jpg
INFO: [ app_init ] --START--
INFO: Run Behavior\BuildLiteBehavior [ RunTime:0.000012s ]
INFO: [ app_init ] --END-- [ RunTime:0.000407s ]
ERR: 无法加载模块:Building_pictures

[ 2016-07-06T10:46:37+08:00 ] 10.1.39.51 /tjutour//building_pictures/2/4.jpg
INFO: [ app_init ] --START--
INFO: Run Behavior\BuildLiteBehavior [ RunTime:0.000010s ]
INFO: [ app_init ] --END-- [ RunTime:0.000356s ]
ERR: 无法加载模块:Building_pictures

[ 2016-07-06T10:46:54+08:00 ] 10.1.34.27 /tjutour//building_pictures/1/4.jpg
INFO: [ app_init ] --START--
INFO: Run Behavior\BuildLiteBehavior [ RunTime:0.000010s ]
INFO: [ app_init ] --END-- [ RunTime:0.000332s ]
ERR: 无法加载模块:Building_pictures

[ 2016-07-06T10:46:57+08:00 ] 10.1.34.27 /tjutour//building_pictures/2/4.jpg
INFO: [ app_init ] --START--
INFO: Run Behavior\BuildLiteBehavior [ RunTime:0.000010s ]
INFO: [ app_init ] --END-- [ RunTime:0.000335s ]
ERR: 无法加载模块:Building_pictures

[ 2016-07-06T10:47:00+08:00 ] 10.1.34.27 /tjutour//building_pictures/0/4.jpg
INFO: [ app_init ] --START--
INFO: Run Behavior\BuildLiteBehavior [ RunTime:0.000014s ]
INFO: [ app_init ] --END-- [ RunTime:0.000330s ]
ERR: 无法加载模块:Building_pictures

[ 2016-07-06T10:47:33+08:00 ] 10.1.42.43 /tjutour//building_pictures/1/4.jpg
INFO: [ app_init ] --START--
INFO: Run Behavior\BuildLiteBehavior [ RunTime:0.000012s ]
INFO: [ app_init ] --END-- [ RunTime:0.000331s ]
ERR: 无法加载模块:Building_pictures

[ 2016-07-06T10:47:37+08:00 ] 10.1.42.43 /tjutour//building_pictures/2/4.jpg
INFO: [ app_init ] --START--
INFO: Run Behavior\BuildLiteBehavior [ RunTime:0.000010s ]
INFO: [ app_init ] --END-- [ RunTime:0.000314s ]
ERR: 无法加载模块:Building_pictures

[ 2016-07-06T10:48:27+08:00 ] 10.1.42.43 /tjutour//building_pictures/1/4.jpg
INFO: [ app_init ] --START--
INFO: Run Behavior\BuildLiteBehavior [ RunTime:0.000011s ]
INFO: [ app_init ] --END-- [ RunTime:0.000335s ]
ERR: 无法加载模块:Building_pictures

[ 2016-07-06T10:49:02+08:00 ] 10.1.42.43 /tjutour//building_pictures/1/4.jpg
INFO: [ app_init ] --START--
INFO: Run Behavior\BuildLiteBehavior [ RunTime:0.000011s ]
INFO: [ app_init ] --END-- [ RunTime:0.000411s ]
ERR: 无法加载模块:Building_pictures

[ 2016-07-06T10:51:03+08:00 ] 10.1.42.43 /tjutour//building_pictures/1/4.jpg
INFO: [ app_init ] --START--
INFO: Run Behavior\BuildLiteBehavior [ RunTime:0.000028s ]
INFO: [ app_init ] --END-- [ RunTime:0.000505s ]
ERR: 无法加载模块:Building_pictures

[ 2016-07-06T10:51:06+08:00 ] 10.1.42.43 /tjutour//building_pictures/2/4.jpg
INFO: [ app_init ] --START--
INFO: Run Behavior\BuildLiteBehavior [ RunTime:0.000011s ]
INFO: [ app_init ] --END-- [ RunTime:0.000308s ]
ERR: 无法加载模块:Building_pictures

[ 2016-07-06T10:51:58+08:00 ] 10.1.42.43 /tjutour//building_pictures/1/4.jpg
INFO: [ app_init ] --START--
INFO: Run Behavior\BuildLiteBehavior [ RunTime:0.000011s ]
INFO: [ app_init ] --END-- [ RunTime:0.000317s ]
ERR: 无法加载模块:Building_pictures

[ 2016-07-06T10:52:57+08:00 ] 10.1.42.43 /tjutour//building_pictures/1/4.jpg
INFO: [ app_init ] --START--
INFO: Run Behavior\BuildLiteBehavior [ RunTime:0.000011s ]
INFO: [ app_init ] --END-- [ RunTime:0.000323s ]
ERR: 无法加载模块:Building_pictures

[ 2016-07-06T10:53:43+08:00 ] 10.1.42.43 /tjutour//building_pictures/2/4.jpg
INFO: [ app_init ] --START--
INFO: Run Behavior\BuildLiteBehavior [ RunTime:0.000011s ]
INFO: [ app_init ] --END-- [ RunTime:0.000398s ]
ERR: 无法加载模块:Building_pictures

[ 2016-07-06T10:53:56+08:00 ] 10.1.42.43 /tjutour//building_pictures/0/4.jpg
INFO: [ app_init ] --START--
INFO: Run Behavior\BuildLiteBehavior [ RunTime:0.000012s ]
INFO: [ app_init ] --END-- [ RunTime:0.000311s ]
ERR: 无法加载模块:Building_pictures

[ 2016-07-06T10:58:39+08:00 ] 10.1.34.27 /tjutour//building_pictures/1/4.jpg
INFO: [ app_init ] --START--
INFO: Run Behavior\BuildLiteBehavior [ RunTime:0.000011s ]
INFO: [ app_init ] --END-- [ RunTime:0.000393s ]
ERR: 无法加载模块:Building_pictures

[ 2016-07-06T10:59:44+08:00 ] 10.1.34.27 /tjutour//building_pictures/1/4.jpg
INFO: [ app_init ] --START--
INFO: Run Behavior\BuildLiteBehavior [ RunTime:0.000013s ]
INFO: [ app_init ] --END-- [ RunTime:0.000353s ]
ERR: 无法加载模块:Building_pictures

[ 2016-07-06T11:03:28+08:00 ] 10.1.34.27 /tjutour//building_pictures/1/4.jpg
INFO: [ app_init ] --START--
INFO: Run Behavior\BuildLiteBehavior [ RunTime:0.000012s ]
INFO: [ app_init ] --END-- [ RunTime:0.000403s ]
ERR: 无法加载模块:Building_pictures

[ 2016-07-06T11:06:10+08:00 ] 10.1.34.27 /tjutour//building_pictures/1/4.jpg
INFO: [ app_init ] --START--
INFO: Run Behavior\BuildLiteBehavior [ RunTime:0.000012s ]
INFO: [ app_init ] --END-- [ RunTime:0.000396s ]
ERR: 无法加载模块:Building_pictures

[ 2016-07-06T11:06:13+08:00 ] 10.1.34.27 /tjutour//building_pictures/2/4.jpg
INFO: [ app_init ] --START--
INFO: Run Behavior\BuildLiteBehavior [ RunTime:0.000011s ]
INFO: [ app_init ] --END-- [ RunTime:0.000311s ]
ERR: 无法加载模块:Building_pictures

[ 2016-07-06T11:06:17+08:00 ] 10.1.34.27 /tjutour//building_pictures/0/4.jpg
INFO: [ app_init ] --START--
INFO: Run Behavior\BuildLiteBehavior [ RunTime:0.000015s ]
INFO: [ app_init ] --END-- [ RunTime:0.000535s ]
ERR: 无法加载模块:Building_pictures

[ 2016-07-06T11:13:17+08:00 ] 10.1.34.27 /tjutour//building_pictures/1/4.jpg
INFO: [ app_init ] --START--
INFO: Run Behavior\BuildLiteBehavior [ RunTime:0.000011s ]
INFO: [ app_init ] --END-- [ RunTime:0.000410s ]
ERR: 无法加载模块:Building_pictures

[ 2016-07-06T11:13:20+08:00 ] 10.1.34.27 /tjutour//building_pictures/2/4.jpg
INFO: [ app_init ] --START--
INFO: Run Behavior\BuildLiteBehavior [ RunTime:0.000012s ]
INFO: [ app_init ] --END-- [ RunTime:0.000359s ]
ERR: 无法加载模块:Building_pictures

[ 2016-07-06T11:13:23+08:00 ] 10.1.34.27 /tjutour//building_pictures/0/4.jpg
INFO: [ app_init ] --START--
INFO: Run Behavior\BuildLiteBehavior [ RunTime:0.000012s ]
INFO: [ app_init ] --END-- [ RunTime:0.000318s ]
ERR: 无法加载模块:Building_pictures

[ 2016-07-06T11:19:10+08:00 ] 10.1.34.27 /tjutour//building_pictures/1/4.jpg
INFO: [ app_init ] --START--
INFO: Run Behavior\BuildLiteBehavior [ RunTime:0.000013s ]
INFO: [ app_init ] --END-- [ RunTime:0.000423s ]
ERR: 无法加载模块:Building_pictures

[ 2016-07-06T11:19:13+08:00 ] 10.1.34.27 /tjutour//building_pictures/2/4.jpg
INFO: [ app_init ] --START--
INFO: Run Behavior\BuildLiteBehavior [ RunTime:0.000011s ]
INFO: [ app_init ] --END-- [ RunTime:0.000331s ]
ERR: 无法加载模块:Building_pictures

[ 2016-07-06T11:19:17+08:00 ] 10.1.34.27 /tjutour//building_pictures/0/4.jpg
INFO: [ app_init ] --START--
INFO: Run Behavior\BuildLiteBehavior [ RunTime:0.000010s ]
INFO: [ app_init ] --END-- [ RunTime:0.000309s ]
ERR: 无法加载模块:Building_pictures

[ 2016-07-06T11:34:05+08:00 ] 10.1.42.43 /tjutour//building_pictures/1/4.jpg
INFO: [ app_init ] --START--
INFO: Run Behavior\BuildLiteBehavior [ RunTime:0.000014s ]
INFO: [ app_init ] --END-- [ RunTime:0.000517s ]
ERR: 无法加载模块:Building_pictures

[ 2016-07-06T11:34:09+08:00 ] 10.1.42.43 /tjutour//building_pictures/2/4.jpg
INFO: [ app_init ] --START--
INFO: Run Behavior\BuildLiteBehavior [ RunTime:0.000012s ]
INFO: [ app_init ] --END-- [ RunTime:0.000313s ]
ERR: 无法加载模块:Building_pictures

[ 2016-07-06T11:34:21+08:00 ] 10.1.42.43 /tjutour//building_pictures/0/4.jpg
INFO: [ app_init ] --START--
INFO: Run Behavior\BuildLiteBehavior [ RunTime:0.000011s ]
INFO: [ app_init ] --END-- [ RunTime:0.000318s ]
ERR: 无法加载模块:Building_pictures

[ 2016-07-06T11:34:25+08:00 ] 10.1.34.27 /tjutour//building_pictures/1/4.jpg
INFO: [ app_init ] --START--
INFO: Run Behavior\BuildLiteBehavior [ RunTime:0.000011s ]
INFO: [ app_init ] --END-- [ RunTime:0.000458s ]
ERR: 无法加载模块:Building_pictures

[ 2016-07-06T11:34:32+08:00 ] 10.1.34.27 /tjutour//building_pictures/2/4.jpg
INFO: [ app_init ] --START--
INFO: Run Behavior\BuildLiteBehavior [ RunTime:0.000010s ]
INFO: [ app_init ] --END-- [ RunTime:0.000321s ]
ERR: 无法加载模块:Building_pictures

[ 2016-07-06T11:34:41+08:00 ] 10.1.34.27 /tjutour//building_pictures/0/4.jpg
INFO: [ app_init ] --START--
INFO: Run Behavior\BuildLiteBehavior [ RunTime:0.000011s ]
INFO: [ app_init ] --END-- [ RunTime:0.000544s ]
ERR: 无法加载模块:Building_pictures

[ 2016-07-06T11:36:58+08:00 ] 10.1.42.43 /tjutour//building_pictures/1/4.jpg
INFO: [ app_init ] --START--
INFO: Run Behavior\BuildLiteBehavior [ RunTime:0.000012s ]
INFO: [ app_init ] --END-- [ RunTime:0.000416s ]
ERR: 无法加载模块:Building_pictures

[ 2016-07-06T11:37:02+08:00 ] 10.1.42.43 /tjutour//building_pictures/2/4.jpg
INFO: [ app_init ] --START--
INFO: Run Behavior\BuildLiteBehavior [ RunTime:0.000011s ]
INFO: [ app_init ] --END-- [ RunTime:0.000317s ]
ERR: 无法加载模块:Building_pictures

[ 2016-07-06T11:37:06+08:00 ] 10.1.42.43 /tjutour//building_pictures/0/4.jpg
INFO: [ app_init ] --START--
INFO: Run Behavior\BuildLiteBehavior [ RunTime:0.000011s ]
INFO: [ app_init ] --END-- [ RunTime:0.000311s ]
ERR: 无法加载模块:Building_pictures

[ 2016-07-06T12:31:53+08:00 ] 10.1.34.27 /tjutour//building_pictures/1/4.jpg
INFO: [ app_init ] --START--
INFO: Run Behavior\BuildLiteBehavior [ RunTime:0.000015s ]
INFO: [ app_init ] --END-- [ RunTime:0.000581s ]
ERR: 无法加载模块:Building_pictures

[ 2016-07-06T12:31:56+08:00 ] 10.1.34.27 /tjutour//building_pictures/2/4.jpg
INFO: [ app_init ] --START--
INFO: Run Behavior\BuildLiteBehavior [ RunTime:0.000020s ]
INFO: [ app_init ] --END-- [ RunTime:0.000485s ]
ERR: 无法加载模块:Building_pictures

[ 2016-07-06T12:32:00+08:00 ] 10.1.34.27 /tjutour//building_pictures/0/4.jpg
INFO: [ app_init ] --START--
INFO: Run Behavior\BuildLiteBehavior [ RunTime:0.000011s ]
INFO: [ app_init ] --END-- [ RunTime:0.000309s ]
ERR: 无法加载模块:Building_pictures

[ 2016-07-06T12:35:47+08:00 ] 10.1.34.27 /tjutour//building_pictures/1/4.jpg
INFO: [ app_init ] --START--
INFO: Run Behavior\BuildLiteBehavior [ RunTime:0.000011s ]
INFO: [ app_init ] --END-- [ RunTime:0.000388s ]
ERR: 无法加载模块:Building_pictures

[ 2016-07-06T12:35:50+08:00 ] 10.1.34.27 /tjutour//building_pictures/2/4.jpg
INFO: [ app_init ] --START--
INFO: Run Behavior\BuildLiteBehavior [ RunTime:0.000011s ]
INFO: [ app_init ] --END-- [ RunTime:0.000364s ]
ERR: 无法加载模块:Building_pictures

[ 2016-07-06T12:35:54+08:00 ] 10.1.34.27 /tjutour//building_pictures/0/4.jpg
INFO: [ app_init ] --START--
INFO: Run Behavior\BuildLiteBehavior [ RunTime:0.000013s ]
INFO: [ app_init ] --END-- [ RunTime:0.000352s ]
ERR: 无法加载模块:Building_pictures

[ 2016-07-06T13:51:59+08:00 ] 10.1.34.27 /tjutour//building_pictures/1/4.jpg
INFO: [ app_init ] --START--
INFO: Run Behavior\BuildLiteBehavior [ RunTime:0.000012s ]
INFO: [ app_init ] --END-- [ RunTime:0.000415s ]
ERR: 无法加载模块:Building_pictures

[ 2016-07-06T13:52:03+08:00 ] 10.1.34.27 /tjutour//building_pictures/2/4.jpg
INFO: [ app_init ] --START--
INFO: Run Behavior\BuildLiteBehavior [ RunTime:0.000013s ]
INFO: [ app_init ] --END-- [ RunTime:0.000349s ]
ERR: 无法加载模块:Building_pictures

[ 2016-07-06T13:52:06+08:00 ] 10.1.34.27 /tjutour//building_pictures/0/4.jpg
INFO: [ app_init ] --START--
INFO: Run Behavior\BuildLiteBehavior [ RunTime:0.000011s ]
INFO: [ app_init ] --END-- [ RunTime:0.000309s ]
ERR: 无法加载模块:Building_pictures

[ 2016-07-06T14:35:37+08:00 ] 10.1.42.43 /tjutour//building_pictures/1/4.jpg
INFO: [ app_init ] --START--
INFO: Run Behavior\BuildLiteBehavior [ RunTime:0.000011s ]
INFO: [ app_init ] --END-- [ RunTime:0.000384s ]
ERR: 无法加载模块:Building_pictures

[ 2016-07-06T14:35:40+08:00 ] 10.1.42.43 /tjutour//building_pictures/2/4.jpg
INFO: [ app_init ] --START--
INFO: Run Behavior\BuildLiteBehavior [ RunTime:0.000011s ]
INFO: [ app_init ] --END-- [ RunTime:0.000343s ]
ERR: 无法加载模块:Building_pictures

[ 2016-07-06T14:35:43+08:00 ] 10.1.42.43 /tjutour//building_pictures/0/4.jpg
INFO: [ app_init ] --START--
INFO: Run Behavior\BuildLiteBehavior [ RunTime:0.000011s ]
INFO: [ app_init ] --END-- [ RunTime:0.000325s ]
ERR: 无法加载模块:Building_pictures

[ 2016-07-06T14:39:33+08:00 ] 10.1.42.43 /tjutour//building_pictures/1/4.jpg
INFO: [ app_init ] --START--
INFO: Run Behavior\BuildLiteBehavior [ RunTime:0.000012s ]
INFO: [ app_init ] --END-- [ RunTime:0.000395s ]
ERR: 无法加载模块:Building_pictures

[ 2016-07-06T14:39:36+08:00 ] 10.1.42.43 /tjutour//building_pictures/2/4.jpg
INFO: [ app_init ] --START--
INFO: Run Behavior\BuildLiteBehavior [ RunTime:0.000011s ]
INFO: [ app_init ] --END-- [ RunTime:0.000310s ]
ERR: 无法加载模块:Building_pictures

[ 2016-07-06T14:39:39+08:00 ] 10.1.42.43 /tjutour//building_pictures/0/4.jpg
INFO: [ app_init ] --START--
INFO: Run Behavior\BuildLiteBehavior [ RunTime:0.000011s ]
INFO: [ app_init ] --END-- [ RunTime:0.000314s ]
ERR: 无法加载模块:Building_pictures

[ 2016-07-06T14:41:20+08:00 ] 10.1.42.43 /tjutour//building_pictures/1/4.jpg
INFO: [ app_init ] --START--
INFO: Run Behavior\BuildLiteBehavior [ RunTime:0.000011s ]
INFO: [ app_init ] --END-- [ RunTime:0.000356s ]
ERR: 无法加载模块:Building_pictures

[ 2016-07-06T14:41:45+08:00 ] 10.1.42.43 /tjutour//building_pictures/2/4.jpg
INFO: [ app_init ] --START--
INFO: Run Behavior\BuildLiteBehavior [ RunTime:0.000017s ]
INFO: [ app_init ] --END-- [ RunTime:0.000420s ]
ERR: 无法加载模块:Building_pictures

[ 2016-07-06T14:42:36+08:00 ] 10.1.42.43 /tjutour//building_pictures/0/4.jpg
INFO: [ app_init ] --START--
INFO: Run Behavior\BuildLiteBehavior [ RunTime:0.000012s ]
INFO: [ app_init ] --END-- [ RunTime:0.000344s ]
ERR: 无法加载模块:Building_pictures

[ 2016-07-06T14:46:57+08:00 ] 10.1.42.43 /tjutour//building_pictures/1/4.jpg
INFO: [ app_init ] --START--
INFO: Run Behavior\BuildLiteBehavior [ RunTime:0.000014s ]
INFO: [ app_init ] --END-- [ RunTime:0.000467s ]
ERR: 无法加载模块:Building_pictures

[ 2016-07-06T14:47:02+08:00 ] 10.1.42.43 /tjutour//building_pictures/2/4.jpg
INFO: [ app_init ] --START--
INFO: Run Behavior\BuildLiteBehavior [ RunTime:0.000011s ]
INFO: [ app_init ] --END-- [ RunTime:0.000308s ]
ERR: 无法加载模块:Building_pictures

[ 2016-07-06T14:47:05+08:00 ] 10.1.42.43 /tjutour//building_pictures/0/4.jpg
INFO: [ app_init ] --START--
INFO: Run Behavior\BuildLiteBehavior [ RunTime:0.000011s ]
INFO: [ app_init ] --END-- [ RunTime:0.000305s ]
ERR: 无法加载模块:Building_pictures

[ 2016-07-06T14:51:48+08:00 ] 10.1.42.43 /tjutour//building_pictures/1/4.jpg
INFO: [ app_init ] --START--
INFO: Run Behavior\BuildLiteBehavior [ RunTime:0.000012s ]
INFO: [ app_init ] --END-- [ RunTime:0.000412s ]
ERR: 无法加载模块:Building_pictures

[ 2016-07-06T14:59:09+08:00 ] 10.1.42.43 /tjutour//building_pictures/1/4.jpg
INFO: [ app_init ] --START--
INFO: Run Behavior\BuildLiteBehavior [ RunTime:0.000012s ]
INFO: [ app_init ] --END-- [ RunTime:0.000423s ]
ERR: 无法加载模块:Building_pictures

[ 2016-07-06T14:59:12+08:00 ] 10.1.42.43 /tjutour//building_pictures/2/4.jpg
INFO: [ app_init ] --START--
INFO: Run Behavior\BuildLiteBehavior [ RunTime:0.000013s ]
INFO: [ app_init ] --END-- [ RunTime:0.000358s ]
ERR: 无法加载模块:Building_pictures

[ 2016-07-06T14:59:16+08:00 ] 10.1.42.43 /tjutour//building_pictures/0/4.jpg
INFO: [ app_init ] --START--
INFO: Run Behavior\BuildLiteBehavior [ RunTime:0.000010s ]
INFO: [ app_init ] --END-- [ RunTime:0.000336s ]
ERR: 无法加载模块:Building_pictures

[ 2016-07-06T15:15:10+08:00 ] 10.1.42.43 /tjutour//building_pictures/1/4.jpg
INFO: [ app_init ] --START--
INFO: Run Behavior\BuildLiteBehavior [ RunTime:0.000012s ]
INFO: [ app_init ] --END-- [ RunTime:0.000425s ]
ERR: 无法加载模块:Building_pictures

[ 2016-07-06T15:15:13+08:00 ] 10.1.42.43 /tjutour//building_pictures/2/4.jpg
INFO: [ app_init ] --START--
INFO: Run Behavior\BuildLiteBehavior [ RunTime:0.000021s ]
INFO: [ app_init ] --END-- [ RunTime:0.000337s ]
ERR: 无法加载模块:Building_pictures

[ 2016-07-06T15:15:16+08:00 ] 10.1.42.43 /tjutour//building_pictures/0/4.jpg
INFO: [ app_init ] --START--
INFO: Run Behavior\BuildLiteBehavior [ RunTime:0.000012s ]
INFO: [ app_init ] --END-- [ RunTime:0.000348s ]
ERR: 无法加载模块:Building_pictures

[ 2016-07-06T15:15:59+08:00 ] 10.1.42.43 /tjutour//building_pictures/1/4.jpg
INFO: [ app_init ] --START--
INFO: Run Behavior\BuildLiteBehavior [ RunTime:0.000010s ]
INFO: [ app_init ] --END-- [ RunTime:0.000341s ]
ERR: 无法加载模块:Building_pictures

[ 2016-07-06T15:16:20+08:00 ] 10.1.42.43 /tjutour//building_pictures/2/4.jpg
INFO: [ app_init ] --START--
INFO: Run Behavior\BuildLiteBehavior [ RunTime:0.000011s ]
INFO: [ app_init ] --END-- [ RunTime:0.000385s ]
ERR: 无法加载模块:Building_pictures

[ 2016-07-06T15:16:35+08:00 ] 10.1.42.43 /tjutour//building_pictures/0/4.jpg
INFO: [ app_init ] --START--
INFO: Run Behavior\BuildLiteBehavior [ RunTime:0.000011s ]
INFO: [ app_init ] --END-- [ RunTime:0.000335s ]
ERR: 无法加载模块:Building_pictures

[ 2016-07-06T15:17:44+08:00 ] 10.1.42.43 /tjutour//building_pictures/1/4.jpg
INFO: [ app_init ] --START--
INFO: Run Behavior\BuildLiteBehavior [ RunTime:0.000021s ]
INFO: [ app_init ] --END-- [ RunTime:0.000402s ]
ERR: 无法加载模块:Building_pictures

[ 2016-07-06T15:17:48+08:00 ] 10.1.42.43 /tjutour//building_pictures/2/4.jpg
INFO: [ app_init ] --START--
INFO: Run Behavior\BuildLiteBehavior [ RunTime:0.000011s ]
INFO: [ app_init ] --END-- [ RunTime:0.000308s ]
ERR: 无法加载模块:Building_pictures

[ 2016-07-06T15:17:51+08:00 ] 10.1.42.43 /tjutour//building_pictures/0/4.jpg
INFO: [ app_init ] --START--
INFO: Run Behavior\BuildLiteBehavior [ RunTime:0.000011s ]
INFO: [ app_init ] --END-- [ RunTime:0.000340s ]
ERR: 无法加载模块:Building_pictures

[ 2016-07-06T15:19:47+08:00 ] 10.1.42.43 /tjutour//building_pictures/1/4.jpg
INFO: [ app_init ] --START--
INFO: Run Behavior\BuildLiteBehavior [ RunTime:0.000013s ]
INFO: [ app_init ] --END-- [ RunTime:0.000424s ]
ERR: 无法加载模块:Building_pictures

[ 2016-07-06T15:20:04+08:00 ] 10.1.42.43 /tjutour//building_pictures/2/4.jpg
INFO: [ app_init ] --START--
INFO: Run Behavior\BuildLiteBehavior [ RunTime:0.000011s ]
INFO: [ app_init ] --END-- [ RunTime:0.000335s ]
ERR: 无法加载模块:Building_pictures

[ 2016-07-06T15:20:09+08:00 ] 10.1.42.43 /tjutour//building_pictures/0/4.jpg
INFO: [ app_init ] --START--
INFO: Run Behavior\BuildLiteBehavior [ RunTime:0.000011s ]
INFO: [ app_init ] --END-- [ RunTime:0.000317s ]
ERR: 无法加载模块:Building_pictures

[ 2016-07-06T15:20:53+08:00 ] 10.1.42.43 /tjutour//building_pictures/1/4.jpg
INFO: [ app_init ] --START--
INFO: Run Behavior\BuildLiteBehavior [ RunTime:0.000011s ]
INFO: [ app_init ] --END-- [ RunTime:0.000310s ]
ERR: 无法加载模块:Building_pictures

[ 2016-07-06T15:20:56+08:00 ] 10.1.42.43 /tjutour//building_pictures/2/4.jpg
INFO: [ app_init ] --START--
INFO: Run Behavior\BuildLiteBehavior [ RunTime:0.000011s ]
INFO: [ app_init ] --END-- [ RunTime:0.000316s ]
ERR: 无法加载模块:Building_pictures

[ 2016-07-06T15:21:25+08:00 ] 10.1.42.43 /tjutour//building_pictures/0/4.jpg
INFO: [ app_init ] --START--
INFO: Run Behavior\BuildLiteBehavior [ RunTime:0.000011s ]
INFO: [ app_init ] --END-- [ RunTime:0.000319s ]
ERR: 无法加载模块:Building_pictures

[ 2016-07-06T15:53:47+08:00 ] 10.1.34.27 /tjutour//building_pictures/1/4.jpg
INFO: [ app_init ] --START--
INFO: Run Behavior\BuildLiteBehavior [ RunTime:0.000012s ]
INFO: [ app_init ] --END-- [ RunTime:0.000390s ]
ERR: 无法加载模块:Building_pictures

[ 2016-07-06T15:53:50+08:00 ] 10.1.34.27 /tjutour//building_pictures/2/4.jpg
INFO: [ app_init ] --START--
INFO: Run Behavior\BuildLiteBehavior [ RunTime:0.000011s ]
INFO: [ app_init ] --END-- [ RunTime:0.000313s ]
ERR: 无法加载模块:Building_pictures

[ 2016-07-06T15:54:06+08:00 ] 10.1.34.27 /tjutour//building_pictures/0/4.jpg
INFO: [ app_init ] --START--
INFO: Run Behavior\BuildLiteBehavior [ RunTime:0.000012s ]
INFO: [ app_init ] --END-- [ RunTime:0.000335s ]
ERR: 无法加载模块:Building_pictures

[ 2016-07-06T18:11:38+08:00 ] 192.168.191.2 /tjutour//building_pictures/1/4.jpg
INFO: [ app_init ] --START--
INFO: Run Behavior\BuildLiteBehavior [ RunTime:0.000020s ]
INFO: [ app_init ] --END-- [ RunTime:0.000578s ]
ERR: 无法加载模块:Building_pictures

[ 2016-07-06T18:11:41+08:00 ] 192.168.191.2 /tjutour//building_pictures/2/4.jpg
INFO: [ app_init ] --START--
INFO: Run Behavior\BuildLiteBehavior [ RunTime:0.000021s ]
INFO: [ app_init ] --END-- [ RunTime:0.000478s ]
ERR: 无法加载模块:Building_pictures

[ 2016-07-06T18:12:32+08:00 ] 192.168.191.2 /tjutour//building_pictures/1/4.jpg
INFO: [ app_init ] --START--
INFO: Run Behavior\BuildLiteBehavior [ RunTime:0.000018s ]
INFO: [ app_init ] --END-- [ RunTime:0.000494s ]
ERR: 无法加载模块:Building_pictures

[ 2016-07-06T18:12:35+08:00 ] 192.168.191.2 /tjutour//building_pictures/2/4.jpg
INFO: [ app_init ] --START--
INFO: Run Behavior\BuildLiteBehavior [ RunTime:0.000019s ]
INFO: [ app_init ] --END-- [ RunTime:0.000465s ]
ERR: 无法加载模块:Building_pictures

[ 2016-07-06T18:12:38+08:00 ] 192.168.191.2 /tjutour//building_pictures/0/4.jpg
INFO: [ app_init ] --START--
INFO: Run Behavior\BuildLiteBehavior [ RunTime:0.000014s ]
INFO: [ app_init ] --END-- [ RunTime:0.000408s ]
ERR: 无法加载模块:Building_pictures

[ 2016-07-06T18:16:16+08:00 ] 192.168.191.2 /tjutour//building_pictures/1/4.jpg
INFO: [ app_init ] --START--
INFO: Run Behavior\BuildLiteBehavior [ RunTime:0.000020s ]
INFO: [ app_init ] --END-- [ RunTime:0.000607s ]
ERR: 无法加载模块:Building_pictures

[ 2016-07-06T18:18:59+08:00 ] 192.168.191.2 /tjutour//building_pictures/1/4.jpg
INFO: [ app_init ] --START--
INFO: Run Behavior\BuildLiteBehavior [ RunTime:0.000011s ]
INFO: [ app_init ] --END-- [ RunTime:0.000416s ]
ERR: 无法加载模块:Building_pictures

[ 2016-07-06T18:19:03+08:00 ] 192.168.191.2 /tjutour//building_pictures/2/4.jpg
INFO: [ app_init ] --START--
INFO: Run Behavior\BuildLiteBehavior [ RunTime:0.000015s ]
INFO: [ app_init ] --END-- [ RunTime:0.000406s ]
ERR: 无法加载模块:Building_pictures

[ 2016-07-06T18:19:16+08:00 ] 192.168.191.2 /tjutour//building_pictures/0/4.jpg
INFO: [ app_init ] --START--
INFO: Run Behavior\BuildLiteBehavior [ RunTime:0.000012s ]
INFO: [ app_init ] --END-- [ RunTime:0.000323s ]
ERR: 无法加载模块:Building_pictures

[ 2016-07-06T18:50:45+08:00 ] 192.168.191.2 /tjutour//building_pictures/1/4.jpg
INFO: [ app_init ] --START--
INFO: Run Behavior\BuildLiteBehavior [ RunTime:0.000021s ]
INFO: [ app_init ] --END-- [ RunTime:0.000633s ]
ERR: 无法加载模块:Building_pictures

[ 2016-07-06T18:50:48+08:00 ] 192.168.191.2 /tjutour//building_pictures/2/4.jpg
INFO: [ app_init ] --START--
INFO: Run Behavior\BuildLiteBehavior [ RunTime:0.000011s ]
INFO: [ app_init ] --END-- [ RunTime:0.000313s ]
ERR: 无法加载模块:Building_pictures

[ 2016-07-06T18:52:25+08:00 ] 192.168.191.2 /tjutour//building_pictures/0/4.jpg
INFO: [ app_init ] --START--
INFO: Run Behavior\BuildLiteBehavior [ RunTime:0.000011s ]
INFO: [ app_init ] --END-- [ RunTime:0.000322s ]
ERR: 无法加载模块:Building_pictures

[ 2016-07-06T21:10:08+08:00 ] 192.168.191.2 /tjutour//building_pictures/1/4.jpg
INFO: [ app_init ] --START--
INFO: Run Behavior\BuildLiteBehavior [ RunTime:0.000011s ]
INFO: [ app_init ] --END-- [ RunTime:0.000416s ]
ERR: 无法加载模块:Building_pictures

[ 2016-07-06T21:10:11+08:00 ] 192.168.191.2 /tjutour//building_pictures/2/4.jpg
INFO: [ app_init ] --START--
INFO: Run Behavior\BuildLiteBehavior [ RunTime:0.000011s ]
INFO: [ app_init ] --END-- [ RunTime:0.000312s ]
ERR: 无法加载模块:Building_pictures

[ 2016-07-06T21:10:19+08:00 ] 192.168.191.2 /tjutour//building_pictures/0/4.jpg
INFO: [ app_init ] --START--
INFO: Run Behavior\BuildLiteBehavior [ RunTime:0.000012s ]
INFO: [ app_init ] --END-- [ RunTime:0.000325s ]
ERR: 无法加载模块:Building_pictures

