[ 2016-07-05T09:14:02+08:00 ] 10.1.39.60 /tjutour//building_pictures/1/4.jpg
INFO: [ app_init ] --START--
INFO: Run Behavior\BuildLiteBehavior [ RunTime:0.000011s ]
INFO: [ app_init ] --END-- [ RunTime:0.000384s ]
ERR: 无法加载模块:Building_pictures

[ 2016-07-05T09:14:05+08:00 ] 10.1.39.60 /tjutour//building_pictures/2/4.jpg
INFO: [ app_init ] --START--
INFO: Run Behavior\BuildLiteBehavior [ RunTime:0.000010s ]
INFO: [ app_init ] --END-- [ RunTime:0.000341s ]
ERR: 无法加载模块:Building_pictures

[ 2016-07-05T09:14:08+08:00 ] 10.1.39.60 /tjutour//building_pictures/0/4.jpg
INFO: [ app_init ] --START--
INFO: Run Behavior\BuildLiteBehavior [ RunTime:0.000010s ]
INFO: [ app_init ] --END-- [ RunTime:0.000331s ]
ERR: 无法加载模块:Building_pictures

[ 2016-07-05T09:19:08+08:00 ] 10.1.39.60 /tjutour//building_pictures/1/4.jpg
INFO: [ app_init ] --START--
INFO: Run Behavior\BuildLiteBehavior [ RunTime:0.000011s ]
INFO: [ app_init ] --END-- [ RunTime:0.000382s ]
ERR: 无法加载模块:Building_pictures

[ 2016-07-05T09:20:23+08:00 ] 10.1.39.60 /tjutour//building_pictures/1/4.jpg
INFO: [ app_init ] --START--
INFO: Run Behavior\BuildLiteBehavior [ RunTime:0.000011s ]
INFO: [ app_init ] --END-- [ RunTime:0.000334s ]
ERR: 无法加载模块:Building_pictures

[ 2016-07-05T09:25:21+08:00 ] 10.1.39.60 /tjutour//building_pictures/1/4.jpg
INFO: [ app_init ] --START--
INFO: Run Behavior\BuildLiteBehavior [ RunTime:0.000013s ]
INFO: [ app_init ] --END-- [ RunTime:0.000421s ]
ERR: 无法加载模块:Building_pictures

[ 2016-07-05T09:25:24+08:00 ] 10.1.39.60 /tjutour//building_pictures/2/4.jpg
INFO: [ app_init ] --START--
INFO: Run Behavior\BuildLiteBehavior [ RunTime:0.000011s ]
INFO: [ app_init ] --END-- [ RunTime:0.000332s ]
ERR: 无法加载模块:Building_pictures

[ 2016-07-05T09:25:28+08:00 ] 10.1.39.60 /tjutour//building_pictures/0/4.jpg
INFO: [ app_init ] --START--
INFO: Run Behavior\BuildLiteBehavior [ RunTime:0.000015s ]
INFO: [ app_init ] --END-- [ RunTime:0.000391s ]
ERR: 无法加载模块:Building_pictures

[ 2016-07-05T09:27:52+08:00 ] 10.1.39.60 /tjutour//building_pictures/1/4.jpg
INFO: [ app_init ] --START--
INFO: Run Behavior\BuildLiteBehavior [ RunTime:0.000012s ]
INFO: [ app_init ] --END-- [ RunTime:0.000391s ]
ERR: 无法加载模块:Building_pictures

[ 2016-07-05T09:27:55+08:00 ] 10.1.39.60 /tjutour//building_pictures/2/4.jpg
INFO: [ app_init ] --START--
INFO: Run Behavior\BuildLiteBehavior [ RunTime:0.000011s ]
INFO: [ app_init ] --END-- [ RunTime:0.000326s ]
ERR: 无法加载模块:Building_pictures

[ 2016-07-05T09:28:00+08:00 ] 10.1.39.60 /tjutour//building_pictures/0/4.jpg
INFO: [ app_init ] --START--
INFO: Run Behavior\BuildLiteBehavior [ RunTime:0.000018s ]
INFO: [ app_init ] --END-- [ RunTime:0.000375s ]
ERR: 无法加载模块:Building_pictures

[ 2016-07-05T09:29:59+08:00 ] 10.1.36.58 /tjutour//building_pictures/1/4.jpg
INFO: [ app_init ] --START--
INFO: Run Behavior\BuildLiteBehavior [ RunTime:0.000010s ]
INFO: [ app_init ] --END-- [ RunTime:0.000376s ]
ERR: 无法加载模块:Building_pictures

[ 2016-07-05T09:30:19+08:00 ] 10.1.39.60 /tjutour//building_pictures/1/4.jpg
INFO: [ app_init ] --START--
INFO: Run Behavior\BuildLiteBehavior [ RunTime:0.000011s ]
INFO: [ app_init ] --END-- [ RunTime:0.000308s ]
ERR: 无法加载模块:Building_pictures

[ 2016-07-05T09:31:36+08:00 ] 10.1.36.58 /tjutour//building_pictures/1/4.jpg
INFO: [ app_init ] --START--
INFO: Run Behavior\BuildLiteBehavior [ RunTime:0.000011s ]
INFO: [ app_init ] --END-- [ RunTime:0.000309s ]
ERR: 无法加载模块:Building_pictures

[ 2016-07-05T09:32:33+08:00 ] 10.1.39.60 /tjutour//building_pictures/1/4.jpg
INFO: [ app_init ] --START--
INFO: Run Behavior\BuildLiteBehavior [ RunTime:0.000011s ]
INFO: [ app_init ] --END-- [ RunTime:0.000378s ]
ERR: 无法加载模块:Building_pictures

[ 2016-07-05T09:32:41+08:00 ] 10.1.36.58 /tjutour//building_pictures/1/4.jpg
INFO: [ app_init ] --START--
INFO: Run Behavior\BuildLiteBehavior [ RunTime:0.000011s ]
INFO: [ app_init ] --END-- [ RunTime:0.000328s ]
ERR: 无法加载模块:Building_pictures

[ 2016-07-05T09:33:18+08:00 ] 10.1.39.60 /tjutour//building_pictures/1/4.jpg
INFO: [ app_init ] --START--
INFO: Run Behavior\BuildLiteBehavior [ RunTime:0.000012s ]
INFO: [ app_init ] --END-- [ RunTime:0.000335s ]
ERR: 无法加载模块:Building_pictures

[ 2016-07-05T09:33:44+08:00 ] 10.1.36.58 /tjutour//building_pictures/1/4.jpg
INFO: [ app_init ] --START--
INFO: Run Behavior\BuildLiteBehavior [ RunTime:0.000017s ]
INFO: [ app_init ] --END-- [ RunTime:0.000343s ]
ERR: 无法加载模块:Building_pictures

[ 2016-07-05T09:34:00+08:00 ] 10.1.39.60 /tjutour//building_pictures/1/4.jpg
INFO: [ app_init ] --START--
INFO: Run Behavior\BuildLiteBehavior [ RunTime:0.000012s ]
INFO: [ app_init ] --END-- [ RunTime:0.000338s ]
ERR: 无法加载模块:Building_pictures

[ 2016-07-05T09:34:03+08:00 ] 10.1.39.60 /tjutour//building_pictures/2/4.jpg
INFO: [ app_init ] --START--
INFO: Run Behavior\BuildLiteBehavior [ RunTime:0.000010s ]
INFO: [ app_init ] --END-- [ RunTime:0.000302s ]
ERR: 无法加载模块:Building_pictures

[ 2016-07-05T09:34:10+08:00 ] 10.1.36.58 /tjutour//building_pictures/1/4.jpg
INFO: [ app_init ] --START--
INFO: Run Behavior\BuildLiteBehavior [ RunTime:0.000011s ]
INFO: [ app_init ] --END-- [ RunTime:0.000313s ]
ERR: 无法加载模块:Building_pictures

[ 2016-07-05T09:34:35+08:00 ] 10.1.36.58 /tjutour//building_pictures/1/4.jpg
INFO: [ app_init ] --START--
INFO: Run Behavior\BuildLiteBehavior [ RunTime:0.000012s ]
INFO: [ app_init ] --END-- [ RunTime:0.000467s ]
ERR: 无法加载模块:Building_pictures

[ 2016-07-05T09:34:56+08:00 ] 10.1.36.58 /tjutour//building_pictures/1/4.jpg
INFO: [ app_init ] --START--
INFO: Run Behavior\BuildLiteBehavior [ RunTime:0.000014s ]
INFO: [ app_init ] --END-- [ RunTime:0.000391s ]
ERR: 无法加载模块:Building_pictures

[ 2016-07-05T09:35:17+08:00 ] 10.1.36.58 /tjutour//building_pictures/1/4.jpg
INFO: [ app_init ] --START--
INFO: Run Behavior\BuildLiteBehavior [ RunTime:0.000011s ]
INFO: [ app_init ] --END-- [ RunTime:0.000325s ]
ERR: 无法加载模块:Building_pictures

[ 2016-07-05T09:36:40+08:00 ] 10.1.36.58 /tjutour//building_pictures/1/4.jpg
INFO: [ app_init ] --START--
INFO: Run Behavior\BuildLiteBehavior [ RunTime:0.000011s ]
INFO: [ app_init ] --END-- [ RunTime:0.000411s ]
ERR: 无法加载模块:Building_pictures

[ 2016-07-05T09:36:45+08:00 ] 10.1.39.60 /tjutour//building_pictures/1/4.jpg
INFO: [ app_init ] --START--
INFO: Run Behavior\BuildLiteBehavior [ RunTime:0.000012s ]
INFO: [ app_init ] --END-- [ RunTime:0.000414s ]
ERR: 无法加载模块:Building_pictures

[ 2016-07-05T09:36:48+08:00 ] 10.1.39.60 /tjutour//building_pictures/2/4.jpg
INFO: [ app_init ] --START--
INFO: Run Behavior\BuildLiteBehavior [ RunTime:0.000011s ]
INFO: [ app_init ] --END-- [ RunTime:0.000332s ]
ERR: 无法加载模块:Building_pictures

[ 2016-07-05T09:37:25+08:00 ] 10.1.36.58 /tjutour//building_pictures/1/4.jpg
INFO: [ app_init ] --START--
INFO: Run Behavior\BuildLiteBehavior [ RunTime:0.000010s ]
INFO: [ app_init ] --END-- [ RunTime:0.000345s ]
ERR: 无法加载模块:Building_pictures

[ 2016-07-05T09:39:27+08:00 ] 10.1.36.58 /tjutour//building_pictures/1/4.jpg
INFO: [ app_init ] --START--
INFO: Run Behavior\BuildLiteBehavior [ RunTime:0.000011s ]
INFO: [ app_init ] --END-- [ RunTime:0.000408s ]
ERR: 无法加载模块:Building_pictures

[ 2016-07-05T09:40:20+08:00 ] 10.1.36.58 /tjutour//building_pictures/1/4.jpg
INFO: [ app_init ] --START--
INFO: Run Behavior\BuildLiteBehavior [ RunTime:0.000010s ]
INFO: [ app_init ] --END-- [ RunTime:0.000308s ]
ERR: 无法加载模块:Building_pictures

[ 2016-07-05T09:41:00+08:00 ] 10.1.36.58 /tjutour//building_pictures/1/4.jpg
INFO: [ app_init ] --START--
INFO: Run Behavior\BuildLiteBehavior [ RunTime:0.000011s ]
INFO: [ app_init ] --END-- [ RunTime:0.000307s ]
ERR: 无法加载模块:Building_pictures

[ 2016-07-05T09:41:21+08:00 ] 10.1.36.58 /tjutour//building_pictures/2/4.jpg
INFO: [ app_init ] --START--
INFO: Run Behavior\BuildLiteBehavior [ RunTime:0.000011s ]
INFO: [ app_init ] --END-- [ RunTime:0.000341s ]
ERR: 无法加载模块:Building_pictures

[ 2016-07-05T09:41:24+08:00 ] 10.1.36.58 /tjutour//building_pictures/0/4.jpg
INFO: [ app_init ] --START--
INFO: Run Behavior\BuildLiteBehavior [ RunTime:0.000011s ]
INFO: [ app_init ] --END-- [ RunTime:0.000313s ]
ERR: 无法加载模块:Building_pictures

[ 2016-07-05T09:42:14+08:00 ] 10.1.39.60 /tjutour//building_pictures/1/4.jpg
INFO: [ app_init ] --START--
INFO: Run Behavior\BuildLiteBehavior [ RunTime:0.000011s ]
INFO: [ app_init ] --END-- [ RunTime:0.000375s ]
ERR: 无法加载模块:Building_pictures

[ 2016-07-05T09:42:18+08:00 ] 10.1.39.60 /tjutour//building_pictures/2/4.jpg
INFO: [ app_init ] --START--
INFO: Run Behavior\BuildLiteBehavior [ RunTime:0.000011s ]
INFO: [ app_init ] --END-- [ RunTime:0.000324s ]
ERR: 无法加载模块:Building_pictures

[ 2016-07-05T09:44:51+08:00 ] 10.1.36.58 /tjutour//building_pictures/1/4.jpg
INFO: [ app_init ] --START--
INFO: Run Behavior\BuildLiteBehavior [ RunTime:0.000013s ]
INFO: [ app_init ] --END-- [ RunTime:0.000450s ]
ERR: 无法加载模块:Building_pictures

[ 2016-07-05T09:46:01+08:00 ] 10.1.36.58 /tjutour//building_pictures/1/4.jpg
INFO: [ app_init ] --START--
INFO: Run Behavior\BuildLiteBehavior [ RunTime:0.000014s ]
INFO: [ app_init ] --END-- [ RunTime:0.000349s ]
ERR: 无法加载模块:Building_pictures

[ 2016-07-05T09:46:28+08:00 ] 10.1.36.58 /tjutour//building_pictures/1/4.jpg
INFO: [ app_init ] --START--
INFO: Run Behavior\BuildLiteBehavior [ RunTime:0.000015s ]
INFO: [ app_init ] --END-- [ RunTime:0.000327s ]
ERR: 无法加载模块:Building_pictures

[ 2016-07-05T09:46:53+08:00 ] 10.1.36.58 /tjutour//building_pictures/1/4.jpg
INFO: [ app_init ] --START--
INFO: Run Behavior\BuildLiteBehavior [ RunTime:0.000011s ]
INFO: [ app_init ] --END-- [ RunTime:0.000385s ]
ERR: 无法加载模块:Building_pictures

[ 2016-07-05T09:47:35+08:00 ] 10.1.36.58 /tjutour//building_pictures/1/4.jpg
INFO: [ app_init ] --START--
INFO: Run Behavior\BuildLiteBehavior [ RunTime:0.000012s ]
INFO: [ app_init ] --END-- [ RunTime:0.000358s ]
ERR: 无法加载模块:Building_pictures

[ 2016-07-05T09:48:14+08:00 ] 10.1.36.58 /tjutour//building_pictures/1/4.jpg
INFO: [ app_init ] --START--
INFO: Run Behavior\BuildLiteBehavior [ RunTime:0.000010s ]
INFO: [ app_init ] --END-- [ RunTime:0.000306s ]
ERR: 无法加载模块:Building_pictures

[ 2016-07-05T09:49:25+08:00 ] 10.1.36.58 /tjutour//building_pictures/1/4.jpg
INFO: [ app_init ] --START--
INFO: Run Behavior\BuildLiteBehavior [ RunTime:0.000011s ]
INFO: [ app_init ] --END-- [ RunTime:0.000403s ]
ERR: 无法加载模块:Building_pictures

[ 2016-07-05T09:49:40+08:00 ] 10.1.36.58 /tjutour//building_pictures/1/4.jpg
INFO: [ app_init ] --START--
INFO: Run Behavior\BuildLiteBehavior [ RunTime:0.000011s ]
INFO: [ app_init ] --END-- [ RunTime:0.000352s ]
ERR: 无法加载模块:Building_pictures

[ 2016-07-05T09:49:57+08:00 ] 10.1.36.58 /tjutour//building_pictures/1/4.jpg
INFO: [ app_init ] --START--
INFO: Run Behavior\BuildLiteBehavior [ RunTime:0.000011s ]
INFO: [ app_init ] --END-- [ RunTime:0.000312s ]
ERR: 无法加载模块:Building_pictures

[ 2016-07-05T09:51:23+08:00 ] 10.1.36.58 /tjutour//building_pictures/1/4.jpg
INFO: [ app_init ] --START--
INFO: Run Behavior\BuildLiteBehavior [ RunTime:0.000010s ]
INFO: [ app_init ] --END-- [ RunTime:0.000303s ]
ERR: 无法加载模块:Building_pictures

[ 2016-07-05T09:53:13+08:00 ] 10.1.36.58 /tjutour//building_pictures/1/4.jpg
INFO: [ app_init ] --START--
INFO: Run Behavior\BuildLiteBehavior [ RunTime:0.000010s ]
INFO: [ app_init ] --END-- [ RunTime:0.000374s ]
ERR: 无法加载模块:Building_pictures

[ 2016-07-05T09:53:53+08:00 ] 10.1.36.58 /tjutour//building_pictures/1/4.jpg
INFO: [ app_init ] --START--
INFO: Run Behavior\BuildLiteBehavior [ RunTime:0.000010s ]
INFO: [ app_init ] --END-- [ RunTime:0.000329s ]
ERR: 无法加载模块:Building_pictures

[ 2016-07-05T09:57:02+08:00 ] 10.1.36.58 /tjutour//building_pictures/1/4.jpg
INFO: [ app_init ] --START--
INFO: Run Behavior\BuildLiteBehavior [ RunTime:0.000019s ]
INFO: [ app_init ] --END-- [ RunTime:0.000463s ]
ERR: 无法加载模块:Building_pictures

[ 2016-07-05T09:57:21+08:00 ] 10.1.36.58 /tjutour//building_pictures/1/4.jpg
INFO: [ app_init ] --START--
INFO: Run Behavior\BuildLiteBehavior [ RunTime:0.000011s ]
INFO: [ app_init ] --END-- [ RunTime:0.000305s ]
ERR: 无法加载模块:Building_pictures

[ 2016-07-05T09:58:19+08:00 ] 10.1.36.58 /tjutour//building_pictures/1/4.jpg
INFO: [ app_init ] --START--
INFO: Run Behavior\BuildLiteBehavior [ RunTime:0.000013s ]
INFO: [ app_init ] --END-- [ RunTime:0.000352s ]
ERR: 无法加载模块:Building_pictures

[ 2016-07-05T09:59:47+08:00 ] 10.1.36.58 /tjutour//building_pictures/1/4.jpg
INFO: [ app_init ] --START--
INFO: Run Behavior\BuildLiteBehavior [ RunTime:0.000012s ]
INFO: [ app_init ] --END-- [ RunTime:0.000416s ]
ERR: 无法加载模块:Building_pictures

[ 2016-07-05T10:02:33+08:00 ] 10.1.36.58 /tjutour//building_pictures/1/4.jpg
INFO: [ app_init ] --START--
INFO: Run Behavior\BuildLiteBehavior [ RunTime:0.000021s ]
INFO: [ app_init ] --END-- [ RunTime:0.000692s ]
ERR: 无法加载模块:Building_pictures

[ 2016-07-05T10:03:22+08:00 ] 10.1.36.58 /tjutour//building_pictures/1/4.jpg
INFO: [ app_init ] --START--
INFO: Run Behavior\BuildLiteBehavior [ RunTime:0.000019s ]
INFO: [ app_init ] --END-- [ RunTime:0.000487s ]
ERR: 无法加载模块:Building_pictures

[ 2016-07-05T10:03:49+08:00 ] 10.1.36.58 /tjutour//building_pictures/1/4.jpg
INFO: [ app_init ] --START--
INFO: Run Behavior\BuildLiteBehavior [ RunTime:0.000022s ]
INFO: [ app_init ] --END-- [ RunTime:0.000638s ]
ERR: 无法加载模块:Building_pictures

[ 2016-07-05T10:04:31+08:00 ] 10.1.36.58 /tjutour//building_pictures/1/4.jpg
INFO: [ app_init ] --START--
INFO: Run Behavior\BuildLiteBehavior [ RunTime:0.000012s ]
INFO: [ app_init ] --END-- [ RunTime:0.000330s ]
ERR: 无法加载模块:Building_pictures

[ 2016-07-05T10:04:51+08:00 ] 10.1.36.58 /tjutour//building_pictures/1/4.jpg
INFO: [ app_init ] --START--
INFO: Run Behavior\BuildLiteBehavior [ RunTime:0.000013s ]
INFO: [ app_init ] --END-- [ RunTime:0.000419s ]
ERR: 无法加载模块:Building_pictures

[ 2016-07-05T10:05:45+08:00 ] 10.1.36.58 /tjutour//building_pictures/1/4.jpg
INFO: [ app_init ] --START--
INFO: Run Behavior\BuildLiteBehavior [ RunTime:0.000010s ]
INFO: [ app_init ] --END-- [ RunTime:0.000311s ]
ERR: 无法加载模块:Building_pictures

[ 2016-07-05T10:08:01+08:00 ] 10.1.36.58 /tjutour//building_pictures/1/4.jpg
INFO: [ app_init ] --START--
INFO: Run Behavior\BuildLiteBehavior [ RunTime:0.000011s ]
INFO: [ app_init ] --END-- [ RunTime:0.000404s ]
ERR: 无法加载模块:Building_pictures

[ 2016-07-05T10:08:49+08:00 ] 10.1.36.58 /tjutour//building_pictures/1/4.jpg
INFO: [ app_init ] --START--
INFO: Run Behavior\BuildLiteBehavior [ RunTime:0.000013s ]
INFO: [ app_init ] --END-- [ RunTime:0.000378s ]
ERR: 无法加载模块:Building_pictures

[ 2016-07-05T10:09:34+08:00 ] 10.1.36.58 /tjutour//building_pictures/1/4.jpg
INFO: [ app_init ] --START--
INFO: Run Behavior\BuildLiteBehavior [ RunTime:0.000012s ]
INFO: [ app_init ] --END-- [ RunTime:0.000356s ]
ERR: 无法加载模块:Building_pictures

[ 2016-07-05T10:10:04+08:00 ] 10.1.36.58 /tjutour//building_pictures/1/4.jpg
INFO: [ app_init ] --START--
INFO: Run Behavior\BuildLiteBehavior [ RunTime:0.000012s ]
INFO: [ app_init ] --END-- [ RunTime:0.000380s ]
ERR: 无法加载模块:Building_pictures

[ 2016-07-05T10:11:39+08:00 ] 10.1.36.58 /tjutour//building_pictures/1/4.jpg
INFO: [ app_init ] --START--
INFO: Run Behavior\BuildLiteBehavior [ RunTime:0.000012s ]
INFO: [ app_init ] --END-- [ RunTime:0.000306s ]
ERR: 无法加载模块:Building_pictures

[ 2016-07-05T10:12:10+08:00 ] 10.1.36.58 /tjutour//building_pictures/1/4.jpg
INFO: [ app_init ] --START--
INFO: Run Behavior\BuildLiteBehavior [ RunTime:0.000011s ]
INFO: [ app_init ] --END-- [ RunTime:0.000383s ]
ERR: 无法加载模块:Building_pictures

[ 2016-07-05T10:12:49+08:00 ] 10.1.36.58 /tjutour//building_pictures/1/4.jpg
INFO: [ app_init ] --START--
INFO: Run Behavior\BuildLiteBehavior [ RunTime:0.000012s ]
INFO: [ app_init ] --END-- [ RunTime:0.000330s ]
ERR: 无法加载模块:Building_pictures

[ 2016-07-05T10:24:44+08:00 ] 10.1.36.58 /tjutour//building_pictures/1/4.jpg
INFO: [ app_init ] --START--
INFO: Run Behavior\BuildLiteBehavior [ RunTime:0.000030s ]
INFO: [ app_init ] --END-- [ RunTime:0.000660s ]
ERR: 无法加载模块:Building_pictures

[ 2016-07-05T10:24:47+08:00 ] 10.1.36.58 /tjutour//building_pictures/2/4.jpg
INFO: [ app_init ] --START--
INFO: Run Behavior\BuildLiteBehavior [ RunTime:0.000013s ]
INFO: [ app_init ] --END-- [ RunTime:0.000418s ]
ERR: 无法加载模块:Building_pictures

[ 2016-07-05T10:25:42+08:00 ] 10.1.36.58 /tjutour//building_pictures/1/4.jpg
INFO: [ app_init ] --START--
INFO: Run Behavior\BuildLiteBehavior [ RunTime:0.000013s ]
INFO: [ app_init ] --END-- [ RunTime:0.000372s ]
ERR: 无法加载模块:Building_pictures

[ 2016-07-05T10:28:02+08:00 ] 10.1.36.58 /tjutour//building_pictures/1/4.jpg
INFO: [ app_init ] --START--
INFO: Run Behavior\BuildLiteBehavior [ RunTime:0.000011s ]
INFO: [ app_init ] --END-- [ RunTime:0.000380s ]
ERR: 无法加载模块:Building_pictures

[ 2016-07-05T10:28:13+08:00 ] 10.1.36.58 /tjutour//building_pictures/2/4.jpg
INFO: [ app_init ] --START--
INFO: Run Behavior\BuildLiteBehavior [ RunTime:0.000018s ]
INFO: [ app_init ] --END-- [ RunTime:0.000362s ]
ERR: 无法加载模块:Building_pictures

[ 2016-07-05T10:28:36+08:00 ] 10.1.36.58 /tjutour//building_pictures/0/4.jpg
INFO: [ app_init ] --START--
INFO: Run Behavior\BuildLiteBehavior [ RunTime:0.000011s ]
INFO: [ app_init ] --END-- [ RunTime:0.000306s ]
ERR: 无法加载模块:Building_pictures

[ 2016-07-05T10:33:31+08:00 ] 10.1.36.58 /tjutour//building_pictures/1/4.jpg
INFO: [ app_init ] --START--
INFO: Run Behavior\BuildLiteBehavior [ RunTime:0.000012s ]
INFO: [ app_init ] --END-- [ RunTime:0.000418s ]
ERR: 无法加载模块:Building_pictures

[ 2016-07-05T10:33:34+08:00 ] 10.1.36.58 /tjutour//building_pictures/2/4.jpg
INFO: [ app_init ] --START--
INFO: Run Behavior\BuildLiteBehavior [ RunTime:0.000012s ]
INFO: [ app_init ] --END-- [ RunTime:0.000442s ]
ERR: 无法加载模块:Building_pictures

[ 2016-07-05T10:33:38+08:00 ] 10.1.36.58 /tjutour//building_pictures/0/4.jpg
INFO: [ app_init ] --START--
INFO: Run Behavior\BuildLiteBehavior [ RunTime:0.000012s ]
INFO: [ app_init ] --END-- [ RunTime:0.000413s ]
ERR: 无法加载模块:Building_pictures

[ 2016-07-05T10:34:38+08:00 ] 10.1.36.58 /tjutour//building_pictures/1/4.jpg
INFO: [ app_init ] --START--
INFO: Run Behavior\BuildLiteBehavior [ RunTime:0.000013s ]
INFO: [ app_init ] --END-- [ RunTime:0.000442s ]
ERR: 无法加载模块:Building_pictures

